{"numFailedTestSuites":7,"numFailedTests":108,"numPassedTestSuites":3,"numPassedTests":93,"numPendingTestSuites":0,"numPendingTests":0,"numRuntimeErrorTestSuites":0,"numTodoTests":0,"numTotalTestSuites":10,"numTotalTests":201,"openHandles":[],"snapshot":{"added":0,"didUpdate":false,"failure":false,"filesAdded":0,"filesRemoved":0,"filesRemovedList":[],"filesUnmatched":0,"filesUpdated":0,"matched":0,"total":0,"unchecked":0,"uncheckedKeysByFile":[],"unmatched":0,"updated":0},"startTime":1768551247230,"success":false,"testResults":[{"assertionResults":[{"ancestorTitles":["SubscriptionService","getPlanConfig"],"duration":3,"failureDetails":[{}],"failureMessages":["Error: PrismaClient is unable to run in this browser environment, or has been bundled for the browser (running in `Node.js`).\nIf this is unexpected, please open an issue: https://pris.ly/prisma-prisma-bug-report\n    at Object.get (C:\\Users\\PRO\\Documents\\GitHub\\fleetbackend\\node_modules\\.prisma\\client\\index-browser.js:993:15)\n    at Object.planConfiguration (C:\\Users\\PRO\\Documents\\GitHub\\fleetbackend\\tests\\unit\\subscription.service.test.ts:64:15)\n    at Promise.then.completed (C:\\Users\\PRO\\Documents\\GitHub\\fleetbackend\\node_modules\\jest-circus\\build\\utils.js:298:28)\n    at new Promise (<anonymous>)\n    at callAsyncCircusFn (C:\\Users\\PRO\\Documents\\GitHub\\fleetbackend\\node_modules\\jest-circus\\build\\utils.js:231:10)\n    at _callCircusTest (C:\\Users\\PRO\\Documents\\GitHub\\fleetbackend\\node_modules\\jest-circus\\build\\run.js:316:40)\n    at _runTest (C:\\Users\\PRO\\Documents\\GitHub\\fleetbackend\\node_modules\\jest-circus\\build\\run.js:252:3)\n    at _runTestsForDescribeBlock (C:\\Users\\PRO\\Documents\\GitHub\\fleetbackend\\node_modules\\jest-circus\\build\\run.js:126:9)\n    at _runTestsForDescribeBlock (C:\\Users\\PRO\\Documents\\GitHub\\fleetbackend\\node_modules\\jest-circus\\build\\run.js:121:9)\n    at _runTestsForDescribeBlock (C:\\Users\\PRO\\Documents\\GitHub\\fleetbackend\\node_modules\\jest-circus\\build\\run.js:121:9)\n    at run (C:\\Users\\PRO\\Documents\\GitHub\\fleetbackend\\node_modules\\jest-circus\\build\\run.js:71:3)\n    at runAndTransformResultsToJestFormat (C:\\Users\\PRO\\Documents\\GitHub\\fleetbackend\\node_modules\\jest-circus\\build\\legacy-code-todo-rewrite\\jestAdapterInit.js:122:21)\n    at jestAdapter (C:\\Users\\PRO\\Documents\\GitHub\\fleetbackend\\node_modules\\jest-circus\\build\\legacy-code-todo-rewrite\\jestAdapter.js:79:19)\n    at runTestInternal (C:\\Users\\PRO\\Documents\\GitHub\\fleetbackend\\node_modules\\jest-runner\\build\\runTest.js:367:16)\n    at runTest (C:\\Users\\PRO\\Documents\\GitHub\\fleetbackend\\node_modules\\jest-runner\\build\\runTest.js:444:34)"],"fullName":"SubscriptionService getPlanConfig should return database config when available","invocations":1,"location":null,"numPassingAsserts":0,"retryReasons":[],"status":"failed","title":"should return database config when available"},{"ancestorTitles":["SubscriptionService","getPlanConfig"],"duration":1,"failureDetails":[{}],"failureMessages":["Error: PrismaClient is unable to run in this browser environment, or has been bundled for the browser (running in `Node.js`).\nIf this is unexpected, please open an issue: https://pris.ly/prisma-prisma-bug-report\n    at Object.get (C:\\Users\\PRO\\Documents\\GitHub\\fleetbackend\\node_modules\\.prisma\\client\\index-browser.js:993:15)\n    at Object.planConfiguration (C:\\Users\\PRO\\Documents\\GitHub\\fleetbackend\\tests\\unit\\subscription.service.test.ts:74:15)\n    at Promise.then.completed (C:\\Users\\PRO\\Documents\\GitHub\\fleetbackend\\node_modules\\jest-circus\\build\\utils.js:298:28)\n    at new Promise (<anonymous>)\n    at callAsyncCircusFn (C:\\Users\\PRO\\Documents\\GitHub\\fleetbackend\\node_modules\\jest-circus\\build\\utils.js:231:10)\n    at _callCircusTest (C:\\Users\\PRO\\Documents\\GitHub\\fleetbackend\\node_modules\\jest-circus\\build\\run.js:316:40)\n    at _runTest (C:\\Users\\PRO\\Documents\\GitHub\\fleetbackend\\node_modules\\jest-circus\\build\\run.js:252:3)\n    at _runTestsForDescribeBlock (C:\\Users\\PRO\\Documents\\GitHub\\fleetbackend\\node_modules\\jest-circus\\build\\run.js:126:9)\n    at _runTestsForDescribeBlock (C:\\Users\\PRO\\Documents\\GitHub\\fleetbackend\\node_modules\\jest-circus\\build\\run.js:121:9)\n    at _runTestsForDescribeBlock (C:\\Users\\PRO\\Documents\\GitHub\\fleetbackend\\node_modules\\jest-circus\\build\\run.js:121:9)\n    at run (C:\\Users\\PRO\\Documents\\GitHub\\fleetbackend\\node_modules\\jest-circus\\build\\run.js:71:3)\n    at runAndTransformResultsToJestFormat (C:\\Users\\PRO\\Documents\\GitHub\\fleetbackend\\node_modules\\jest-circus\\build\\legacy-code-todo-rewrite\\jestAdapterInit.js:122:21)\n    at jestAdapter (C:\\Users\\PRO\\Documents\\GitHub\\fleetbackend\\node_modules\\jest-circus\\build\\legacy-code-todo-rewrite\\jestAdapter.js:79:19)\n    at runTestInternal (C:\\Users\\PRO\\Documents\\GitHub\\fleetbackend\\node_modules\\jest-runner\\build\\runTest.js:367:16)\n    at runTest (C:\\Users\\PRO\\Documents\\GitHub\\fleetbackend\\node_modules\\jest-runner\\build\\runTest.js:444:34)"],"fullName":"SubscriptionService getPlanConfig should fall back to defaults when database config unavailable","invocations":1,"location":null,"numPassingAsserts":0,"retryReasons":[],"status":"failed","title":"should fall back to defaults when database config unavailable"},{"ancestorTitles":["SubscriptionService","getPlanConfig"],"duration":0,"failureDetails":[{}],"failureMessages":["Error: PrismaClient is unable to run in this browser environment, or has been bundled for the browser (running in `Node.js`).\nIf this is unexpected, please open an issue: https://pris.ly/prisma-prisma-bug-report\n    at Object.get (C:\\Users\\PRO\\Documents\\GitHub\\fleetbackend\\node_modules\\.prisma\\client\\index-browser.js:993:15)\n    at Object.planConfiguration (C:\\Users\\PRO\\Documents\\GitHub\\fleetbackend\\tests\\unit\\subscription.service.test.ts:85:15)\n    at Promise.then.completed (C:\\Users\\PRO\\Documents\\GitHub\\fleetbackend\\node_modules\\jest-circus\\build\\utils.js:298:28)\n    at new Promise (<anonymous>)\n    at callAsyncCircusFn (C:\\Users\\PRO\\Documents\\GitHub\\fleetbackend\\node_modules\\jest-circus\\build\\utils.js:231:10)\n    at _callCircusTest (C:\\Users\\PRO\\Documents\\GitHub\\fleetbackend\\node_modules\\jest-circus\\build\\run.js:316:40)\n    at _runTest (C:\\Users\\PRO\\Documents\\GitHub\\fleetbackend\\node_modules\\jest-circus\\build\\run.js:252:3)\n    at _runTestsForDescribeBlock (C:\\Users\\PRO\\Documents\\GitHub\\fleetbackend\\node_modules\\jest-circus\\build\\run.js:126:9)\n    at _runTestsForDescribeBlock (C:\\Users\\PRO\\Documents\\GitHub\\fleetbackend\\node_modules\\jest-circus\\build\\run.js:121:9)\n    at _runTestsForDescribeBlock (C:\\Users\\PRO\\Documents\\GitHub\\fleetbackend\\node_modules\\jest-circus\\build\\run.js:121:9)\n    at run (C:\\Users\\PRO\\Documents\\GitHub\\fleetbackend\\node_modules\\jest-circus\\build\\run.js:71:3)\n    at runAndTransformResultsToJestFormat (C:\\Users\\PRO\\Documents\\GitHub\\fleetbackend\\node_modules\\jest-circus\\build\\legacy-code-todo-rewrite\\jestAdapterInit.js:122:21)\n    at jestAdapter (C:\\Users\\PRO\\Documents\\GitHub\\fleetbackend\\node_modules\\jest-circus\\build\\legacy-code-todo-rewrite\\jestAdapter.js:79:19)\n    at runTestInternal (C:\\Users\\PRO\\Documents\\GitHub\\fleetbackend\\node_modules\\jest-runner\\build\\runTest.js:367:16)\n    at runTest (C:\\Users\\PRO\\Documents\\GitHub\\fleetbackend\\node_modules\\jest-runner\\build\\runTest.js:444:34)"],"fullName":"SubscriptionService getPlanConfig should return FREE plan config","invocations":1,"location":null,"numPassingAsserts":0,"retryReasons":[],"status":"failed","title":"should return FREE plan config"},{"ancestorTitles":["SubscriptionService","getSubscriptionDetails"],"duration":0,"failureDetails":[{}],"failureMessages":["Error: PrismaClient is unable to run in this browser environment, or has been bundled for the browser (running in `Node.js`).\nIf this is unexpected, please open an issue: https://pris.ly/prisma-prisma-bug-report\n    at Object.get (C:\\Users\\PRO\\Documents\\GitHub\\fleetbackend\\node_modules\\.prisma\\client\\index-browser.js:993:15)\n    at Object.tenant (C:\\Users\\PRO\\Documents\\GitHub\\fleetbackend\\tests\\unit\\subscription.service.test.ts:113:15)\n    at Promise.then.completed (C:\\Users\\PRO\\Documents\\GitHub\\fleetbackend\\node_modules\\jest-circus\\build\\utils.js:298:28)\n    at new Promise (<anonymous>)\n    at callAsyncCircusFn (C:\\Users\\PRO\\Documents\\GitHub\\fleetbackend\\node_modules\\jest-circus\\build\\utils.js:231:10)\n    at _callCircusTest (C:\\Users\\PRO\\Documents\\GitHub\\fleetbackend\\node_modules\\jest-circus\\build\\run.js:316:40)\n    at _runTest (C:\\Users\\PRO\\Documents\\GitHub\\fleetbackend\\node_modules\\jest-circus\\build\\run.js:252:3)\n    at _runTestsForDescribeBlock (C:\\Users\\PRO\\Documents\\GitHub\\fleetbackend\\node_modules\\jest-circus\\build\\run.js:126:9)\n    at _runTestsForDescribeBlock (C:\\Users\\PRO\\Documents\\GitHub\\fleetbackend\\node_modules\\jest-circus\\build\\run.js:121:9)\n    at _runTestsForDescribeBlock (C:\\Users\\PRO\\Documents\\GitHub\\fleetbackend\\node_modules\\jest-circus\\build\\run.js:121:9)\n    at run (C:\\Users\\PRO\\Documents\\GitHub\\fleetbackend\\node_modules\\jest-circus\\build\\run.js:71:3)\n    at runAndTransformResultsToJestFormat (C:\\Users\\PRO\\Documents\\GitHub\\fleetbackend\\node_modules\\jest-circus\\build\\legacy-code-todo-rewrite\\jestAdapterInit.js:122:21)\n    at jestAdapter (C:\\Users\\PRO\\Documents\\GitHub\\fleetbackend\\node_modules\\jest-circus\\build\\legacy-code-todo-rewrite\\jestAdapter.js:79:19)\n    at runTestInternal (C:\\Users\\PRO\\Documents\\GitHub\\fleetbackend\\node_modules\\jest-runner\\build\\runTest.js:367:16)\n    at runTest (C:\\Users\\PRO\\Documents\\GitHub\\fleetbackend\\node_modules\\jest-runner\\build\\runTest.js:444:34)"],"fullName":"SubscriptionService getSubscriptionDetails should return complete subscription details","invocations":1,"location":null,"numPassingAsserts":0,"retryReasons":[],"status":"failed","title":"should return complete subscription details"},{"ancestorTitles":["SubscriptionService","getSubscriptionDetails"],"duration":0,"failureDetails":[{}],"failureMessages":["Error: PrismaClient is unable to run in this browser environment, or has been bundled for the browser (running in `Node.js`).\nIf this is unexpected, please open an issue: https://pris.ly/prisma-prisma-bug-report\n    at Object.get (C:\\Users\\PRO\\Documents\\GitHub\\fleetbackend\\node_modules\\.prisma\\client\\index-browser.js:993:15)\n    at Object.tenant (C:\\Users\\PRO\\Documents\\GitHub\\fleetbackend\\tests\\unit\\subscription.service.test.ts:140:15)\n    at Promise.then.completed (C:\\Users\\PRO\\Documents\\GitHub\\fleetbackend\\node_modules\\jest-circus\\build\\utils.js:298:28)\n    at new Promise (<anonymous>)\n    at callAsyncCircusFn (C:\\Users\\PRO\\Documents\\GitHub\\fleetbackend\\node_modules\\jest-circus\\build\\utils.js:231:10)\n    at _callCircusTest (C:\\Users\\PRO\\Documents\\GitHub\\fleetbackend\\node_modules\\jest-circus\\build\\run.js:316:40)\n    at _runTest (C:\\Users\\PRO\\Documents\\GitHub\\fleetbackend\\node_modules\\jest-circus\\build\\run.js:252:3)\n    at _runTestsForDescribeBlock (C:\\Users\\PRO\\Documents\\GitHub\\fleetbackend\\node_modules\\jest-circus\\build\\run.js:126:9)\n    at _runTestsForDescribeBlock (C:\\Users\\PRO\\Documents\\GitHub\\fleetbackend\\node_modules\\jest-circus\\build\\run.js:121:9)\n    at _runTestsForDescribeBlock (C:\\Users\\PRO\\Documents\\GitHub\\fleetbackend\\node_modules\\jest-circus\\build\\run.js:121:9)\n    at run (C:\\Users\\PRO\\Documents\\GitHub\\fleetbackend\\node_modules\\jest-circus\\build\\run.js:71:3)\n    at runAndTransformResultsToJestFormat (C:\\Users\\PRO\\Documents\\GitHub\\fleetbackend\\node_modules\\jest-circus\\build\\legacy-code-todo-rewrite\\jestAdapterInit.js:122:21)\n    at jestAdapter (C:\\Users\\PRO\\Documents\\GitHub\\fleetbackend\\node_modules\\jest-circus\\build\\legacy-code-todo-rewrite\\jestAdapter.js:79:19)\n    at runTestInternal (C:\\Users\\PRO\\Documents\\GitHub\\fleetbackend\\node_modules\\jest-runner\\build\\runTest.js:367:16)\n    at runTest (C:\\Users\\PRO\\Documents\\GitHub\\fleetbackend\\node_modules\\jest-runner\\build\\runTest.js:444:34)"],"fullName":"SubscriptionService getSubscriptionDetails should indicate upgrade capability for non-PREMIUM plans","invocations":1,"location":null,"numPassingAsserts":0,"retryReasons":[],"status":"failed","title":"should indicate upgrade capability for non-PREMIUM plans"},{"ancestorTitles":["SubscriptionService","getSubscriptionDetails"],"duration":0,"failureDetails":[{}],"failureMessages":["Error: PrismaClient is unable to run in this browser environment, or has been bundled for the browser (running in `Node.js`).\nIf this is unexpected, please open an issue: https://pris.ly/prisma-prisma-bug-report\n    at Object.get (C:\\Users\\PRO\\Documents\\GitHub\\fleetbackend\\node_modules\\.prisma\\client\\index-browser.js:993:15)\n    at Object.tenant (C:\\Users\\PRO\\Documents\\GitHub\\fleetbackend\\tests\\unit\\subscription.service.test.ts:162:15)\n    at Promise.then.completed (C:\\Users\\PRO\\Documents\\GitHub\\fleetbackend\\node_modules\\jest-circus\\build\\utils.js:298:28)\n    at new Promise (<anonymous>)\n    at callAsyncCircusFn (C:\\Users\\PRO\\Documents\\GitHub\\fleetbackend\\node_modules\\jest-circus\\build\\utils.js:231:10)\n    at _callCircusTest (C:\\Users\\PRO\\Documents\\GitHub\\fleetbackend\\node_modules\\jest-circus\\build\\run.js:316:40)\n    at _runTest (C:\\Users\\PRO\\Documents\\GitHub\\fleetbackend\\node_modules\\jest-circus\\build\\run.js:252:3)\n    at _runTestsForDescribeBlock (C:\\Users\\PRO\\Documents\\GitHub\\fleetbackend\\node_modules\\jest-circus\\build\\run.js:126:9)\n    at _runTestsForDescribeBlock (C:\\Users\\PRO\\Documents\\GitHub\\fleetbackend\\node_modules\\jest-circus\\build\\run.js:121:9)\n    at _runTestsForDescribeBlock (C:\\Users\\PRO\\Documents\\GitHub\\fleetbackend\\node_modules\\jest-circus\\build\\run.js:121:9)\n    at run (C:\\Users\\PRO\\Documents\\GitHub\\fleetbackend\\node_modules\\jest-circus\\build\\run.js:71:3)\n    at runAndTransformResultsToJestFormat (C:\\Users\\PRO\\Documents\\GitHub\\fleetbackend\\node_modules\\jest-circus\\build\\legacy-code-todo-rewrite\\jestAdapterInit.js:122:21)\n    at jestAdapter (C:\\Users\\PRO\\Documents\\GitHub\\fleetbackend\\node_modules\\jest-circus\\build\\legacy-code-todo-rewrite\\jestAdapter.js:79:19)\n    at runTestInternal (C:\\Users\\PRO\\Documents\\GitHub\\fleetbackend\\node_modules\\jest-runner\\build\\runTest.js:367:16)\n    at runTest (C:\\Users\\PRO\\Documents\\GitHub\\fleetbackend\\node_modules\\jest-runner\\build\\runTest.js:444:34)"],"fullName":"SubscriptionService getSubscriptionDetails should indicate no downgrade for FREE plan","invocations":1,"location":null,"numPassingAsserts":0,"retryReasons":[],"status":"failed","title":"should indicate no downgrade for FREE plan"},{"ancestorTitles":["SubscriptionService","getSubscriptionDetails"],"duration":0,"failureDetails":[{}],"failureMessages":["Error: PrismaClient is unable to run in this browser environment, or has been bundled for the browser (running in `Node.js`).\nIf this is unexpected, please open an issue: https://pris.ly/prisma-prisma-bug-report\n    at Object.get (C:\\Users\\PRO\\Documents\\GitHub\\fleetbackend\\node_modules\\.prisma\\client\\index-browser.js:993:15)\n    at Object.tenant (C:\\Users\\PRO\\Documents\\GitHub\\fleetbackend\\tests\\unit\\subscription.service.test.ts:171:15)\n    at Promise.then.completed (C:\\Users\\PRO\\Documents\\GitHub\\fleetbackend\\node_modules\\jest-circus\\build\\utils.js:298:28)\n    at new Promise (<anonymous>)\n    at callAsyncCircusFn (C:\\Users\\PRO\\Documents\\GitHub\\fleetbackend\\node_modules\\jest-circus\\build\\utils.js:231:10)\n    at _callCircusTest (C:\\Users\\PRO\\Documents\\GitHub\\fleetbackend\\node_modules\\jest-circus\\build\\run.js:316:40)\n    at _runTest (C:\\Users\\PRO\\Documents\\GitHub\\fleetbackend\\node_modules\\jest-circus\\build\\run.js:252:3)\n    at _runTestsForDescribeBlock (C:\\Users\\PRO\\Documents\\GitHub\\fleetbackend\\node_modules\\jest-circus\\build\\run.js:126:9)\n    at _runTestsForDescribeBlock (C:\\Users\\PRO\\Documents\\GitHub\\fleetbackend\\node_modules\\jest-circus\\build\\run.js:121:9)\n    at _runTestsForDescribeBlock (C:\\Users\\PRO\\Documents\\GitHub\\fleetbackend\\node_modules\\jest-circus\\build\\run.js:121:9)\n    at run (C:\\Users\\PRO\\Documents\\GitHub\\fleetbackend\\node_modules\\jest-circus\\build\\run.js:71:3)\n    at runAndTransformResultsToJestFormat (C:\\Users\\PRO\\Documents\\GitHub\\fleetbackend\\node_modules\\jest-circus\\build\\legacy-code-todo-rewrite\\jestAdapterInit.js:122:21)\n    at jestAdapter (C:\\Users\\PRO\\Documents\\GitHub\\fleetbackend\\node_modules\\jest-circus\\build\\legacy-code-todo-rewrite\\jestAdapter.js:79:19)\n    at runTestInternal (C:\\Users\\PRO\\Documents\\GitHub\\fleetbackend\\node_modules\\jest-runner\\build\\runTest.js:367:16)\n    at runTest (C:\\Users\\PRO\\Documents\\GitHub\\fleetbackend\\node_modules\\jest-runner\\build\\runTest.js:444:34)"],"fullName":"SubscriptionService getSubscriptionDetails should throw NotFoundError for non-existent tenant","invocations":1,"location":null,"numPassingAsserts":0,"retryReasons":[],"status":"failed","title":"should throw NotFoundError for non-existent tenant"},{"ancestorTitles":["SubscriptionService","startTrial"],"duration":1,"failureDetails":[{}],"failureMessages":["Error: PrismaClient is unable to run in this browser environment, or has been bundled for the browser (running in `Node.js`).\nIf this is unexpected, please open an issue: https://pris.ly/prisma-prisma-bug-report\n    at Object.get (C:\\Users\\PRO\\Documents\\GitHub\\fleetbackend\\node_modules\\.prisma\\client\\index-browser.js:993:15)\n    at Object.tenant (C:\\Users\\PRO\\Documents\\GitHub\\fleetbackend\\tests\\unit\\subscription.service.test.ts:183:15)\n    at Promise.then.completed (C:\\Users\\PRO\\Documents\\GitHub\\fleetbackend\\node_modules\\jest-circus\\build\\utils.js:298:28)\n    at new Promise (<anonymous>)\n    at callAsyncCircusFn (C:\\Users\\PRO\\Documents\\GitHub\\fleetbackend\\node_modules\\jest-circus\\build\\utils.js:231:10)\n    at _callCircusTest (C:\\Users\\PRO\\Documents\\GitHub\\fleetbackend\\node_modules\\jest-circus\\build\\run.js:316:40)\n    at _runTest (C:\\Users\\PRO\\Documents\\GitHub\\fleetbackend\\node_modules\\jest-circus\\build\\run.js:252:3)\n    at _runTestsForDescribeBlock (C:\\Users\\PRO\\Documents\\GitHub\\fleetbackend\\node_modules\\jest-circus\\build\\run.js:126:9)\n    at _runTestsForDescribeBlock (C:\\Users\\PRO\\Documents\\GitHub\\fleetbackend\\node_modules\\jest-circus\\build\\run.js:121:9)\n    at _runTestsForDescribeBlock (C:\\Users\\PRO\\Documents\\GitHub\\fleetbackend\\node_modules\\jest-circus\\build\\run.js:121:9)\n    at run (C:\\Users\\PRO\\Documents\\GitHub\\fleetbackend\\node_modules\\jest-circus\\build\\run.js:71:3)\n    at runAndTransformResultsToJestFormat (C:\\Users\\PRO\\Documents\\GitHub\\fleetbackend\\node_modules\\jest-circus\\build\\legacy-code-todo-rewrite\\jestAdapterInit.js:122:21)\n    at jestAdapter (C:\\Users\\PRO\\Documents\\GitHub\\fleetbackend\\node_modules\\jest-circus\\build\\legacy-code-todo-rewrite\\jestAdapter.js:79:19)\n    at runTestInternal (C:\\Users\\PRO\\Documents\\GitHub\\fleetbackend\\node_modules\\jest-runner\\build\\runTest.js:367:16)\n    at runTest (C:\\Users\\PRO\\Documents\\GitHub\\fleetbackend\\node_modules\\jest-runner\\build\\runTest.js:444:34)"],"fullName":"SubscriptionService startTrial should start trial with default 30 days","invocations":1,"location":null,"numPassingAsserts":0,"retryReasons":[],"status":"failed","title":"should start trial with default 30 days"},{"ancestorTitles":["SubscriptionService","startTrial"],"duration":1,"failureDetails":[{}],"failureMessages":["Error: PrismaClient is unable to run in this browser environment, or has been bundled for the browser (running in `Node.js`).\nIf this is unexpected, please open an issue: https://pris.ly/prisma-prisma-bug-report\n    at Object.get (C:\\Users\\PRO\\Documents\\GitHub\\fleetbackend\\node_modules\\.prisma\\client\\index-browser.js:993:15)\n    at Object.tenant (C:\\Users\\PRO\\Documents\\GitHub\\fleetbackend\\tests\\unit\\subscription.service.test.ts:202:15)\n    at Promise.then.completed (C:\\Users\\PRO\\Documents\\GitHub\\fleetbackend\\node_modules\\jest-circus\\build\\utils.js:298:28)\n    at new Promise (<anonymous>)\n    at callAsyncCircusFn (C:\\Users\\PRO\\Documents\\GitHub\\fleetbackend\\node_modules\\jest-circus\\build\\utils.js:231:10)\n    at _callCircusTest (C:\\Users\\PRO\\Documents\\GitHub\\fleetbackend\\node_modules\\jest-circus\\build\\run.js:316:40)\n    at _runTest (C:\\Users\\PRO\\Documents\\GitHub\\fleetbackend\\node_modules\\jest-circus\\build\\run.js:252:3)\n    at _runTestsForDescribeBlock (C:\\Users\\PRO\\Documents\\GitHub\\fleetbackend\\node_modules\\jest-circus\\build\\run.js:126:9)\n    at _runTestsForDescribeBlock (C:\\Users\\PRO\\Documents\\GitHub\\fleetbackend\\node_modules\\jest-circus\\build\\run.js:121:9)\n    at _runTestsForDescribeBlock (C:\\Users\\PRO\\Documents\\GitHub\\fleetbackend\\node_modules\\jest-circus\\build\\run.js:121:9)\n    at run (C:\\Users\\PRO\\Documents\\GitHub\\fleetbackend\\node_modules\\jest-circus\\build\\run.js:71:3)\n    at runAndTransformResultsToJestFormat (C:\\Users\\PRO\\Documents\\GitHub\\fleetbackend\\node_modules\\jest-circus\\build\\legacy-code-todo-rewrite\\jestAdapterInit.js:122:21)\n    at jestAdapter (C:\\Users\\PRO\\Documents\\GitHub\\fleetbackend\\node_modules\\jest-circus\\build\\legacy-code-todo-rewrite\\jestAdapter.js:79:19)\n    at runTestInternal (C:\\Users\\PRO\\Documents\\GitHub\\fleetbackend\\node_modules\\jest-runner\\build\\runTest.js:367:16)\n    at runTest (C:\\Users\\PRO\\Documents\\GitHub\\fleetbackend\\node_modules\\jest-runner\\build\\runTest.js:444:34)"],"fullName":"SubscriptionService startTrial should start trial with custom duration","invocations":1,"location":null,"numPassingAsserts":0,"retryReasons":[],"status":"failed","title":"should start trial with custom duration"},{"ancestorTitles":["SubscriptionService","startTrial"],"duration":0,"failureDetails":[{}],"failureMessages":["Error: PrismaClient is unable to run in this browser environment, or has been bundled for the browser (running in `Node.js`).\nIf this is unexpected, please open an issue: https://pris.ly/prisma-prisma-bug-report\n    at Object.get (C:\\Users\\PRO\\Documents\\GitHub\\fleetbackend\\node_modules\\.prisma\\client\\index-browser.js:993:15)\n    at Object.tenant (C:\\Users\\PRO\\Documents\\GitHub\\fleetbackend\\tests\\unit\\subscription.service.test.ts:216:15)\n    at Promise.then.completed (C:\\Users\\PRO\\Documents\\GitHub\\fleetbackend\\node_modules\\jest-circus\\build\\utils.js:298:28)\n    at new Promise (<anonymous>)\n    at callAsyncCircusFn (C:\\Users\\PRO\\Documents\\GitHub\\fleetbackend\\node_modules\\jest-circus\\build\\utils.js:231:10)\n    at _callCircusTest (C:\\Users\\PRO\\Documents\\GitHub\\fleetbackend\\node_modules\\jest-circus\\build\\run.js:316:40)\n    at _runTest (C:\\Users\\PRO\\Documents\\GitHub\\fleetbackend\\node_modules\\jest-circus\\build\\run.js:252:3)\n    at _runTestsForDescribeBlock (C:\\Users\\PRO\\Documents\\GitHub\\fleetbackend\\node_modules\\jest-circus\\build\\run.js:126:9)\n    at _runTestsForDescribeBlock (C:\\Users\\PRO\\Documents\\GitHub\\fleetbackend\\node_modules\\jest-circus\\build\\run.js:121:9)\n    at _runTestsForDescribeBlock (C:\\Users\\PRO\\Documents\\GitHub\\fleetbackend\\node_modules\\jest-circus\\build\\run.js:121:9)\n    at run (C:\\Users\\PRO\\Documents\\GitHub\\fleetbackend\\node_modules\\jest-circus\\build\\run.js:71:3)\n    at runAndTransformResultsToJestFormat (C:\\Users\\PRO\\Documents\\GitHub\\fleetbackend\\node_modules\\jest-circus\\build\\legacy-code-todo-rewrite\\jestAdapterInit.js:122:21)\n    at jestAdapter (C:\\Users\\PRO\\Documents\\GitHub\\fleetbackend\\node_modules\\jest-circus\\build\\legacy-code-todo-rewrite\\jestAdapter.js:79:19)\n    at runTestInternal (C:\\Users\\PRO\\Documents\\GitHub\\fleetbackend\\node_modules\\jest-runner\\build\\runTest.js:367:16)\n    at runTest (C:\\Users\\PRO\\Documents\\GitHub\\fleetbackend\\node_modules\\jest-runner\\build\\runTest.js:444:34)"],"fullName":"SubscriptionService startTrial should record trial start in subscription history","invocations":1,"location":null,"numPassingAsserts":0,"retryReasons":[],"status":"failed","title":"should record trial start in subscription history"},{"ancestorTitles":["SubscriptionService","endTrial"],"duration":0,"failureDetails":[{}],"failureMessages":["Error: PrismaClient is unable to run in this browser environment, or has been bundled for the browser (running in `Node.js`).\nIf this is unexpected, please open an issue: https://pris.ly/prisma-prisma-bug-report\n    at Object.get (C:\\Users\\PRO\\Documents\\GitHub\\fleetbackend\\node_modules\\.prisma\\client\\index-browser.js:993:15)\n    at Object.tenant (C:\\Users\\PRO\\Documents\\GitHub\\fleetbackend\\tests\\unit\\subscription.service.test.ts:242:15)\n    at Promise.then.completed (C:\\Users\\PRO\\Documents\\GitHub\\fleetbackend\\node_modules\\jest-circus\\build\\utils.js:298:28)\n    at new Promise (<anonymous>)\n    at callAsyncCircusFn (C:\\Users\\PRO\\Documents\\GitHub\\fleetbackend\\node_modules\\jest-circus\\build\\utils.js:231:10)\n    at _callCircusTest (C:\\Users\\PRO\\Documents\\GitHub\\fleetbackend\\node_modules\\jest-circus\\build\\run.js:316:40)\n    at _runTest (C:\\Users\\PRO\\Documents\\GitHub\\fleetbackend\\node_modules\\jest-circus\\build\\run.js:252:3)\n    at _runTestsForDescribeBlock (C:\\Users\\PRO\\Documents\\GitHub\\fleetbackend\\node_modules\\jest-circus\\build\\run.js:126:9)\n    at _runTestsForDescribeBlock (C:\\Users\\PRO\\Documents\\GitHub\\fleetbackend\\node_modules\\jest-circus\\build\\run.js:121:9)\n    at _runTestsForDescribeBlock (C:\\Users\\PRO\\Documents\\GitHub\\fleetbackend\\node_modules\\jest-circus\\build\\run.js:121:9)\n    at run (C:\\Users\\PRO\\Documents\\GitHub\\fleetbackend\\node_modules\\jest-circus\\build\\run.js:71:3)\n    at runAndTransformResultsToJestFormat (C:\\Users\\PRO\\Documents\\GitHub\\fleetbackend\\node_modules\\jest-circus\\build\\legacy-code-todo-rewrite\\jestAdapterInit.js:122:21)\n    at jestAdapter (C:\\Users\\PRO\\Documents\\GitHub\\fleetbackend\\node_modules\\jest-circus\\build\\legacy-code-todo-rewrite\\jestAdapter.js:79:19)\n    at runTestInternal (C:\\Users\\PRO\\Documents\\GitHub\\fleetbackend\\node_modules\\jest-runner\\build\\runTest.js:367:16)\n    at runTest (C:\\Users\\PRO\\Documents\\GitHub\\fleetbackend\\node_modules\\jest-runner\\build\\runTest.js:444:34)"],"fullName":"SubscriptionService endTrial should end trial and convert to specified plan","invocations":1,"location":null,"numPassingAsserts":0,"retryReasons":[],"status":"failed","title":"should end trial and convert to specified plan"},{"ancestorTitles":["SubscriptionService","endTrial"],"duration":0,"failureDetails":[{}],"failureMessages":["Error: PrismaClient is unable to run in this browser environment, or has been bundled for the browser (running in `Node.js`).\nIf this is unexpected, please open an issue: https://pris.ly/prisma-prisma-bug-report\n    at Object.get (C:\\Users\\PRO\\Documents\\GitHub\\fleetbackend\\node_modules\\.prisma\\client\\index-browser.js:993:15)\n    at Object.tenant (C:\\Users\\PRO\\Documents\\GitHub\\fleetbackend\\tests\\unit\\subscription.service.test.ts:265:15)\n    at Promise.then.completed (C:\\Users\\PRO\\Documents\\GitHub\\fleetbackend\\node_modules\\jest-circus\\build\\utils.js:298:28)\n    at new Promise (<anonymous>)\n    at callAsyncCircusFn (C:\\Users\\PRO\\Documents\\GitHub\\fleetbackend\\node_modules\\jest-circus\\build\\utils.js:231:10)\n    at _callCircusTest (C:\\Users\\PRO\\Documents\\GitHub\\fleetbackend\\node_modules\\jest-circus\\build\\run.js:316:40)\n    at _runTest (C:\\Users\\PRO\\Documents\\GitHub\\fleetbackend\\node_modules\\jest-circus\\build\\run.js:252:3)\n    at _runTestsForDescribeBlock (C:\\Users\\PRO\\Documents\\GitHub\\fleetbackend\\node_modules\\jest-circus\\build\\run.js:126:9)\n    at _runTestsForDescribeBlock (C:\\Users\\PRO\\Documents\\GitHub\\fleetbackend\\node_modules\\jest-circus\\build\\run.js:121:9)\n    at _runTestsForDescribeBlock (C:\\Users\\PRO\\Documents\\GitHub\\fleetbackend\\node_modules\\jest-circus\\build\\run.js:121:9)\n    at run (C:\\Users\\PRO\\Documents\\GitHub\\fleetbackend\\node_modules\\jest-circus\\build\\run.js:71:3)\n    at runAndTransformResultsToJestFormat (C:\\Users\\PRO\\Documents\\GitHub\\fleetbackend\\node_modules\\jest-circus\\build\\legacy-code-todo-rewrite\\jestAdapterInit.js:122:21)\n    at jestAdapter (C:\\Users\\PRO\\Documents\\GitHub\\fleetbackend\\node_modules\\jest-circus\\build\\legacy-code-todo-rewrite\\jestAdapter.js:79:19)\n    at runTestInternal (C:\\Users\\PRO\\Documents\\GitHub\\fleetbackend\\node_modules\\jest-runner\\build\\runTest.js:367:16)\n    at runTest (C:\\Users\\PRO\\Documents\\GitHub\\fleetbackend\\node_modules\\jest-runner\\build\\runTest.js:444:34)"],"fullName":"SubscriptionService endTrial should default to FREE plan if no conversion plan specified","invocations":1,"location":null,"numPassingAsserts":0,"retryReasons":[],"status":"failed","title":"should default to FREE plan if no conversion plan specified"},{"ancestorTitles":["SubscriptionService","endTrial"],"duration":0,"failureDetails":[{}],"failureMessages":["Error: PrismaClient is unable to run in this browser environment, or has been bundled for the browser (running in `Node.js`).\nIf this is unexpected, please open an issue: https://pris.ly/prisma-prisma-bug-report\n    at Object.get (C:\\Users\\PRO\\Documents\\GitHub\\fleetbackend\\node_modules\\.prisma\\client\\index-browser.js:993:15)\n    at Object.tenant (C:\\Users\\PRO\\Documents\\GitHub\\fleetbackend\\tests\\unit\\subscription.service.test.ts:286:15)\n    at Promise.then.completed (C:\\Users\\PRO\\Documents\\GitHub\\fleetbackend\\node_modules\\jest-circus\\build\\utils.js:298:28)\n    at new Promise (<anonymous>)\n    at callAsyncCircusFn (C:\\Users\\PRO\\Documents\\GitHub\\fleetbackend\\node_modules\\jest-circus\\build\\utils.js:231:10)\n    at _callCircusTest (C:\\Users\\PRO\\Documents\\GitHub\\fleetbackend\\node_modules\\jest-circus\\build\\run.js:316:40)\n    at _runTest (C:\\Users\\PRO\\Documents\\GitHub\\fleetbackend\\node_modules\\jest-circus\\build\\run.js:252:3)\n    at _runTestsForDescribeBlock (C:\\Users\\PRO\\Documents\\GitHub\\fleetbackend\\node_modules\\jest-circus\\build\\run.js:126:9)\n    at _runTestsForDescribeBlock (C:\\Users\\PRO\\Documents\\GitHub\\fleetbackend\\node_modules\\jest-circus\\build\\run.js:121:9)\n    at _runTestsForDescribeBlock (C:\\Users\\PRO\\Documents\\GitHub\\fleetbackend\\node_modules\\jest-circus\\build\\run.js:121:9)\n    at run (C:\\Users\\PRO\\Documents\\GitHub\\fleetbackend\\node_modules\\jest-circus\\build\\run.js:71:3)\n    at runAndTransformResultsToJestFormat (C:\\Users\\PRO\\Documents\\GitHub\\fleetbackend\\node_modules\\jest-circus\\build\\legacy-code-todo-rewrite\\jestAdapterInit.js:122:21)\n    at jestAdapter (C:\\Users\\PRO\\Documents\\GitHub\\fleetbackend\\node_modules\\jest-circus\\build\\legacy-code-todo-rewrite\\jestAdapter.js:79:19)\n    at runTestInternal (C:\\Users\\PRO\\Documents\\GitHub\\fleetbackend\\node_modules\\jest-runner\\build\\runTest.js:367:16)\n    at runTest (C:\\Users\\PRO\\Documents\\GitHub\\fleetbackend\\node_modules\\jest-runner\\build\\runTest.js:444:34)"],"fullName":"SubscriptionService endTrial should throw error if tenant not in trial","invocations":1,"location":null,"numPassingAsserts":0,"retryReasons":[],"status":"failed","title":"should throw error if tenant not in trial"},{"ancestorTitles":["SubscriptionService","calculateProration"],"duration":4,"failureDetails":[],"failureMessages":[],"fullName":"SubscriptionService calculateProration should calculate proration for mid-cycle upgrade","invocations":1,"location":null,"numPassingAsserts":5,"retryReasons":[],"status":"passed","title":"should calculate proration for mid-cycle upgrade"},{"ancestorTitles":["SubscriptionService","calculateProration"],"duration":1,"failureDetails":[],"failureMessages":[],"fullName":"SubscriptionService calculateProration should calculate credit for downgrade","invocations":1,"location":null,"numPassingAsserts":3,"retryReasons":[],"status":"passed","title":"should calculate credit for downgrade"},{"ancestorTitles":["SubscriptionService","calculateProration"],"duration":3,"failureDetails":[{"matcherResult":{"actual":366,"expected":365,"message":"\u001b[2mexpect(\u001b[22m\u001b[31mreceived\u001b[39m\u001b[2m).\u001b[22mtoBe\u001b[2m(\u001b[22m\u001b[32mexpected\u001b[39m\u001b[2m) // Object.is equality\u001b[22m\n\nExpected: \u001b[32m365\u001b[39m\nReceived: \u001b[31m366\u001b[39m","name":"toBe","pass":false}}],"failureMessages":["Error: \u001b[2mexpect(\u001b[22m\u001b[31mreceived\u001b[39m\u001b[2m).\u001b[22mtoBe\u001b[2m(\u001b[22m\u001b[32mexpected\u001b[39m\u001b[2m) // Object.is equality\u001b[22m\n\nExpected: \u001b[32m365\u001b[39m\nReceived: \u001b[31m366\u001b[39m\n    at Object.toBe (C:\\Users\\PRO\\Documents\\GitHub\\fleetbackend\\tests\\unit\\subscription.service.test.ts:371:32)\n    at Promise.then.completed (C:\\Users\\PRO\\Documents\\GitHub\\fleetbackend\\node_modules\\jest-circus\\build\\utils.js:298:28)\n    at new Promise (<anonymous>)\n    at callAsyncCircusFn (C:\\Users\\PRO\\Documents\\GitHub\\fleetbackend\\node_modules\\jest-circus\\build\\utils.js:231:10)\n    at _callCircusTest (C:\\Users\\PRO\\Documents\\GitHub\\fleetbackend\\node_modules\\jest-circus\\build\\run.js:316:40)\n    at _runTest (C:\\Users\\PRO\\Documents\\GitHub\\fleetbackend\\node_modules\\jest-circus\\build\\run.js:252:3)\n    at _runTestsForDescribeBlock (C:\\Users\\PRO\\Documents\\GitHub\\fleetbackend\\node_modules\\jest-circus\\build\\run.js:126:9)\n    at _runTestsForDescribeBlock (C:\\Users\\PRO\\Documents\\GitHub\\fleetbackend\\node_modules\\jest-circus\\build\\run.js:121:9)\n    at _runTestsForDescribeBlock (C:\\Users\\PRO\\Documents\\GitHub\\fleetbackend\\node_modules\\jest-circus\\build\\run.js:121:9)\n    at run (C:\\Users\\PRO\\Documents\\GitHub\\fleetbackend\\node_modules\\jest-circus\\build\\run.js:71:3)\n    at runAndTransformResultsToJestFormat (C:\\Users\\PRO\\Documents\\GitHub\\fleetbackend\\node_modules\\jest-circus\\build\\legacy-code-todo-rewrite\\jestAdapterInit.js:122:21)\n    at jestAdapter (C:\\Users\\PRO\\Documents\\GitHub\\fleetbackend\\node_modules\\jest-circus\\build\\legacy-code-todo-rewrite\\jestAdapter.js:79:19)\n    at runTestInternal (C:\\Users\\PRO\\Documents\\GitHub\\fleetbackend\\node_modules\\jest-runner\\build\\runTest.js:367:16)\n    at runTest (C:\\Users\\PRO\\Documents\\GitHub\\fleetbackend\\node_modules\\jest-runner\\build\\runTest.js:444:34)"],"fullName":"SubscriptionService calculateProration should handle yearly billing cycle","invocations":1,"location":null,"numPassingAsserts":1,"retryReasons":[],"status":"failed","title":"should handle yearly billing cycle"},{"ancestorTitles":["SubscriptionService","calculateProration"],"duration":1,"failureDetails":[],"failureMessages":[],"fullName":"SubscriptionService calculateProration should never return negative credit","invocations":1,"location":null,"numPassingAsserts":1,"retryReasons":[],"status":"passed","title":"should never return negative credit"},{"ancestorTitles":["SubscriptionService","changePlan"],"duration":0,"failureDetails":[{}],"failureMessages":["Error: PrismaClient is unable to run in this browser environment, or has been bundled for the browser (running in `Node.js`).\nIf this is unexpected, please open an issue: https://pris.ly/prisma-prisma-bug-report\n    at Object.get (C:\\Users\\PRO\\Documents\\GitHub\\fleetbackend\\node_modules\\.prisma\\client\\index-browser.js:993:15)\n    at Object.tenant (C:\\Users\\PRO\\Documents\\GitHub\\fleetbackend\\tests\\unit\\subscription.service.test.ts:417:15)\n    at Promise.then.completed (C:\\Users\\PRO\\Documents\\GitHub\\fleetbackend\\node_modules\\jest-circus\\build\\utils.js:298:28)\n    at new Promise (<anonymous>)\n    at callAsyncCircusFn (C:\\Users\\PRO\\Documents\\GitHub\\fleetbackend\\node_modules\\jest-circus\\build\\utils.js:231:10)\n    at _callCircusTest (C:\\Users\\PRO\\Documents\\GitHub\\fleetbackend\\node_modules\\jest-circus\\build\\run.js:316:40)\n    at _runTest (C:\\Users\\PRO\\Documents\\GitHub\\fleetbackend\\node_modules\\jest-circus\\build\\run.js:252:3)\n    at _runTestsForDescribeBlock (C:\\Users\\PRO\\Documents\\GitHub\\fleetbackend\\node_modules\\jest-circus\\build\\run.js:126:9)\n    at _runTestsForDescribeBlock (C:\\Users\\PRO\\Documents\\GitHub\\fleetbackend\\node_modules\\jest-circus\\build\\run.js:121:9)\n    at _runTestsForDescribeBlock (C:\\Users\\PRO\\Documents\\GitHub\\fleetbackend\\node_modules\\jest-circus\\build\\run.js:121:9)\n    at run (C:\\Users\\PRO\\Documents\\GitHub\\fleetbackend\\node_modules\\jest-circus\\build\\run.js:71:3)\n    at runAndTransformResultsToJestFormat (C:\\Users\\PRO\\Documents\\GitHub\\fleetbackend\\node_modules\\jest-circus\\build\\legacy-code-todo-rewrite\\jestAdapterInit.js:122:21)\n    at jestAdapter (C:\\Users\\PRO\\Documents\\GitHub\\fleetbackend\\node_modules\\jest-circus\\build\\legacy-code-todo-rewrite\\jestAdapter.js:79:19)\n    at runTestInternal (C:\\Users\\PRO\\Documents\\GitHub\\fleetbackend\\node_modules\\jest-runner\\build\\runTest.js:367:16)\n    at runTest (C:\\Users\\PRO\\Documents\\GitHub\\fleetbackend\\node_modules\\jest-runner\\build\\runTest.js:444:34)"],"fullName":"SubscriptionService changePlan should upgrade plan successfully","invocations":1,"location":null,"numPassingAsserts":0,"retryReasons":[],"status":"failed","title":"should upgrade plan successfully"},{"ancestorTitles":["SubscriptionService","changePlan"],"duration":1,"failureDetails":[{}],"failureMessages":["Error: PrismaClient is unable to run in this browser environment, or has been bundled for the browser (running in `Node.js`).\nIf this is unexpected, please open an issue: https://pris.ly/prisma-prisma-bug-report\n    at Object.get (C:\\Users\\PRO\\Documents\\GitHub\\fleetbackend\\node_modules\\.prisma\\client\\index-browser.js:993:15)\n    at Object.tenant (C:\\Users\\PRO\\Documents\\GitHub\\fleetbackend\\tests\\unit\\subscription.service.test.ts:459:15)\n    at Promise.then.completed (C:\\Users\\PRO\\Documents\\GitHub\\fleetbackend\\node_modules\\jest-circus\\build\\utils.js:298:28)\n    at new Promise (<anonymous>)\n    at callAsyncCircusFn (C:\\Users\\PRO\\Documents\\GitHub\\fleetbackend\\node_modules\\jest-circus\\build\\utils.js:231:10)\n    at _callCircusTest (C:\\Users\\PRO\\Documents\\GitHub\\fleetbackend\\node_modules\\jest-circus\\build\\run.js:316:40)\n    at _runTest (C:\\Users\\PRO\\Documents\\GitHub\\fleetbackend\\node_modules\\jest-circus\\build\\run.js:252:3)\n    at _runTestsForDescribeBlock (C:\\Users\\PRO\\Documents\\GitHub\\fleetbackend\\node_modules\\jest-circus\\build\\run.js:126:9)\n    at _runTestsForDescribeBlock (C:\\Users\\PRO\\Documents\\GitHub\\fleetbackend\\node_modules\\jest-circus\\build\\run.js:121:9)\n    at _runTestsForDescribeBlock (C:\\Users\\PRO\\Documents\\GitHub\\fleetbackend\\node_modules\\jest-circus\\build\\run.js:121:9)\n    at run (C:\\Users\\PRO\\Documents\\GitHub\\fleetbackend\\node_modules\\jest-circus\\build\\run.js:71:3)\n    at runAndTransformResultsToJestFormat (C:\\Users\\PRO\\Documents\\GitHub\\fleetbackend\\node_modules\\jest-circus\\build\\legacy-code-todo-rewrite\\jestAdapterInit.js:122:21)\n    at jestAdapter (C:\\Users\\PRO\\Documents\\GitHub\\fleetbackend\\node_modules\\jest-circus\\build\\legacy-code-todo-rewrite\\jestAdapter.js:79:19)\n    at runTestInternal (C:\\Users\\PRO\\Documents\\GitHub\\fleetbackend\\node_modules\\jest-runner\\build\\runTest.js:367:16)\n    at runTest (C:\\Users\\PRO\\Documents\\GitHub\\fleetbackend\\node_modules\\jest-runner\\build\\runTest.js:444:34)"],"fullName":"SubscriptionService changePlan should downgrade plan successfully","invocations":1,"location":null,"numPassingAsserts":0,"retryReasons":[],"status":"failed","title":"should downgrade plan successfully"},{"ancestorTitles":["SubscriptionService","changePlan"],"duration":0,"failureDetails":[{}],"failureMessages":["Error: PrismaClient is unable to run in this browser environment, or has been bundled for the browser (running in `Node.js`).\nIf this is unexpected, please open an issue: https://pris.ly/prisma-prisma-bug-report\n    at Object.get (C:\\Users\\PRO\\Documents\\GitHub\\fleetbackend\\node_modules\\.prisma\\client\\index-browser.js:993:15)\n    at Object.tenant (C:\\Users\\PRO\\Documents\\GitHub\\fleetbackend\\tests\\unit\\subscription.service.test.ts:491:15)\n    at Promise.then.completed (C:\\Users\\PRO\\Documents\\GitHub\\fleetbackend\\node_modules\\jest-circus\\build\\utils.js:298:28)\n    at new Promise (<anonymous>)\n    at callAsyncCircusFn (C:\\Users\\PRO\\Documents\\GitHub\\fleetbackend\\node_modules\\jest-circus\\build\\utils.js:231:10)\n    at _callCircusTest (C:\\Users\\PRO\\Documents\\GitHub\\fleetbackend\\node_modules\\jest-circus\\build\\run.js:316:40)\n    at _runTest (C:\\Users\\PRO\\Documents\\GitHub\\fleetbackend\\node_modules\\jest-circus\\build\\run.js:252:3)\n    at _runTestsForDescribeBlock (C:\\Users\\PRO\\Documents\\GitHub\\fleetbackend\\node_modules\\jest-circus\\build\\run.js:126:9)\n    at _runTestsForDescribeBlock (C:\\Users\\PRO\\Documents\\GitHub\\fleetbackend\\node_modules\\jest-circus\\build\\run.js:121:9)\n    at _runTestsForDescribeBlock (C:\\Users\\PRO\\Documents\\GitHub\\fleetbackend\\node_modules\\jest-circus\\build\\run.js:121:9)\n    at run (C:\\Users\\PRO\\Documents\\GitHub\\fleetbackend\\node_modules\\jest-circus\\build\\run.js:71:3)\n    at runAndTransformResultsToJestFormat (C:\\Users\\PRO\\Documents\\GitHub\\fleetbackend\\node_modules\\jest-circus\\build\\legacy-code-todo-rewrite\\jestAdapterInit.js:122:21)\n    at jestAdapter (C:\\Users\\PRO\\Documents\\GitHub\\fleetbackend\\node_modules\\jest-circus\\build\\legacy-code-todo-rewrite\\jestAdapter.js:79:19)\n    at runTestInternal (C:\\Users\\PRO\\Documents\\GitHub\\fleetbackend\\node_modules\\jest-runner\\build\\runTest.js:367:16)\n    at runTest (C:\\Users\\PRO\\Documents\\GitHub\\fleetbackend\\node_modules\\jest-runner\\build\\runTest.js:444:34)"],"fullName":"SubscriptionService changePlan should reject change to same plan","invocations":1,"location":null,"numPassingAsserts":0,"retryReasons":[],"status":"failed","title":"should reject change to same plan"},{"ancestorTitles":["SubscriptionService","changePlan"],"duration":0,"failureDetails":[{}],"failureMessages":["Error: PrismaClient is unable to run in this browser environment, or has been bundled for the browser (running in `Node.js`).\nIf this is unexpected, please open an issue: https://pris.ly/prisma-prisma-bug-report\n    at Object.get (C:\\Users\\PRO\\Documents\\GitHub\\fleetbackend\\node_modules\\.prisma\\client\\index-browser.js:993:15)\n    at Object.tenant (C:\\Users\\PRO\\Documents\\GitHub\\fleetbackend\\tests\\unit\\subscription.service.test.ts:513:15)\n    at Promise.then.completed (C:\\Users\\PRO\\Documents\\GitHub\\fleetbackend\\node_modules\\jest-circus\\build\\utils.js:298:28)\n    at new Promise (<anonymous>)\n    at callAsyncCircusFn (C:\\Users\\PRO\\Documents\\GitHub\\fleetbackend\\node_modules\\jest-circus\\build\\utils.js:231:10)\n    at _callCircusTest (C:\\Users\\PRO\\Documents\\GitHub\\fleetbackend\\node_modules\\jest-circus\\build\\run.js:316:40)\n    at _runTest (C:\\Users\\PRO\\Documents\\GitHub\\fleetbackend\\node_modules\\jest-circus\\build\\run.js:252:3)\n    at _runTestsForDescribeBlock (C:\\Users\\PRO\\Documents\\GitHub\\fleetbackend\\node_modules\\jest-circus\\build\\run.js:126:9)\n    at _runTestsForDescribeBlock (C:\\Users\\PRO\\Documents\\GitHub\\fleetbackend\\node_modules\\jest-circus\\build\\run.js:121:9)\n    at _runTestsForDescribeBlock (C:\\Users\\PRO\\Documents\\GitHub\\fleetbackend\\node_modules\\jest-circus\\build\\run.js:121:9)\n    at run (C:\\Users\\PRO\\Documents\\GitHub\\fleetbackend\\node_modules\\jest-circus\\build\\run.js:71:3)\n    at runAndTransformResultsToJestFormat (C:\\Users\\PRO\\Documents\\GitHub\\fleetbackend\\node_modules\\jest-circus\\build\\legacy-code-todo-rewrite\\jestAdapterInit.js:122:21)\n    at jestAdapter (C:\\Users\\PRO\\Documents\\GitHub\\fleetbackend\\node_modules\\jest-circus\\build\\legacy-code-todo-rewrite\\jestAdapter.js:79:19)\n    at runTestInternal (C:\\Users\\PRO\\Documents\\GitHub\\fleetbackend\\node_modules\\jest-runner\\build\\runTest.js:367:16)\n    at runTest (C:\\Users\\PRO\\Documents\\GitHub\\fleetbackend\\node_modules\\jest-runner\\build\\runTest.js:444:34)"],"fullName":"SubscriptionService changePlan should apply proration when requested","invocations":1,"location":null,"numPassingAsserts":0,"retryReasons":[],"status":"failed","title":"should apply proration when requested"},{"ancestorTitles":["SubscriptionService","changePlan"],"duration":0,"failureDetails":[{}],"failureMessages":["Error: PrismaClient is unable to run in this browser environment, or has been bundled for the browser (running in `Node.js`).\nIf this is unexpected, please open an issue: https://pris.ly/prisma-prisma-bug-report\n    at Object.get (C:\\Users\\PRO\\Documents\\GitHub\\fleetbackend\\node_modules\\.prisma\\client\\index-browser.js:993:15)\n    at Object.tenant (C:\\Users\\PRO\\Documents\\GitHub\\fleetbackend\\tests\\unit\\subscription.service.test.ts:550:15)\n    at Promise.then.completed (C:\\Users\\PRO\\Documents\\GitHub\\fleetbackend\\node_modules\\jest-circus\\build\\utils.js:298:28)\n    at new Promise (<anonymous>)\n    at callAsyncCircusFn (C:\\Users\\PRO\\Documents\\GitHub\\fleetbackend\\node_modules\\jest-circus\\build\\utils.js:231:10)\n    at _callCircusTest (C:\\Users\\PRO\\Documents\\GitHub\\fleetbackend\\node_modules\\jest-circus\\build\\run.js:316:40)\n    at _runTest (C:\\Users\\PRO\\Documents\\GitHub\\fleetbackend\\node_modules\\jest-circus\\build\\run.js:252:3)\n    at _runTestsForDescribeBlock (C:\\Users\\PRO\\Documents\\GitHub\\fleetbackend\\node_modules\\jest-circus\\build\\run.js:126:9)\n    at _runTestsForDescribeBlock (C:\\Users\\PRO\\Documents\\GitHub\\fleetbackend\\node_modules\\jest-circus\\build\\run.js:121:9)\n    at _runTestsForDescribeBlock (C:\\Users\\PRO\\Documents\\GitHub\\fleetbackend\\node_modules\\jest-circus\\build\\run.js:121:9)\n    at run (C:\\Users\\PRO\\Documents\\GitHub\\fleetbackend\\node_modules\\jest-circus\\build\\run.js:71:3)\n    at runAndTransformResultsToJestFormat (C:\\Users\\PRO\\Documents\\GitHub\\fleetbackend\\node_modules\\jest-circus\\build\\legacy-code-todo-rewrite\\jestAdapterInit.js:122:21)\n    at jestAdapter (C:\\Users\\PRO\\Documents\\GitHub\\fleetbackend\\node_modules\\jest-circus\\build\\legacy-code-todo-rewrite\\jestAdapter.js:79:19)\n    at runTestInternal (C:\\Users\\PRO\\Documents\\GitHub\\fleetbackend\\node_modules\\jest-runner\\build\\runTest.js:367:16)\n    at runTest (C:\\Users\\PRO\\Documents\\GitHub\\fleetbackend\\node_modules\\jest-runner\\build\\runTest.js:444:34)"],"fullName":"SubscriptionService changePlan should change billing cycle","invocations":1,"location":null,"numPassingAsserts":0,"retryReasons":[],"status":"failed","title":"should change billing cycle"},{"ancestorTitles":["SubscriptionService","cancelSubscription"],"duration":0,"failureDetails":[{}],"failureMessages":["Error: PrismaClient is unable to run in this browser environment, or has been bundled for the browser (running in `Node.js`).\nIf this is unexpected, please open an issue: https://pris.ly/prisma-prisma-bug-report\n    at Object.get (C:\\Users\\PRO\\Documents\\GitHub\\fleetbackend\\node_modules\\.prisma\\client\\index-browser.js:993:15)\n    at Object.tenant (C:\\Users\\PRO\\Documents\\GitHub\\fleetbackend\\tests\\unit\\subscription.service.test.ts:584:15)\n    at Promise.then.completed (C:\\Users\\PRO\\Documents\\GitHub\\fleetbackend\\node_modules\\jest-circus\\build\\utils.js:298:28)\n    at new Promise (<anonymous>)\n    at callAsyncCircusFn (C:\\Users\\PRO\\Documents\\GitHub\\fleetbackend\\node_modules\\jest-circus\\build\\utils.js:231:10)\n    at _callCircusTest (C:\\Users\\PRO\\Documents\\GitHub\\fleetbackend\\node_modules\\jest-circus\\build\\run.js:316:40)\n    at _runTest (C:\\Users\\PRO\\Documents\\GitHub\\fleetbackend\\node_modules\\jest-circus\\build\\run.js:252:3)\n    at _runTestsForDescribeBlock (C:\\Users\\PRO\\Documents\\GitHub\\fleetbackend\\node_modules\\jest-circus\\build\\run.js:126:9)\n    at _runTestsForDescribeBlock (C:\\Users\\PRO\\Documents\\GitHub\\fleetbackend\\node_modules\\jest-circus\\build\\run.js:121:9)\n    at _runTestsForDescribeBlock (C:\\Users\\PRO\\Documents\\GitHub\\fleetbackend\\node_modules\\jest-circus\\build\\run.js:121:9)\n    at run (C:\\Users\\PRO\\Documents\\GitHub\\fleetbackend\\node_modules\\jest-circus\\build\\run.js:71:3)\n    at runAndTransformResultsToJestFormat (C:\\Users\\PRO\\Documents\\GitHub\\fleetbackend\\node_modules\\jest-circus\\build\\legacy-code-todo-rewrite\\jestAdapterInit.js:122:21)\n    at jestAdapter (C:\\Users\\PRO\\Documents\\GitHub\\fleetbackend\\node_modules\\jest-circus\\build\\legacy-code-todo-rewrite\\jestAdapter.js:79:19)\n    at runTestInternal (C:\\Users\\PRO\\Documents\\GitHub\\fleetbackend\\node_modules\\jest-runner\\build\\runTest.js:367:16)\n    at runTest (C:\\Users\\PRO\\Documents\\GitHub\\fleetbackend\\node_modules\\jest-runner\\build\\runTest.js:444:34)"],"fullName":"SubscriptionService cancelSubscription should cancel subscription immediately","invocations":1,"location":null,"numPassingAsserts":0,"retryReasons":[],"status":"failed","title":"should cancel subscription immediately"},{"ancestorTitles":["SubscriptionService","cancelSubscription"],"duration":3,"failureDetails":[{}],"failureMessages":["Error: PrismaClient is unable to run in this browser environment, or has been bundled for the browser (running in `Node.js`).\nIf this is unexpected, please open an issue: https://pris.ly/prisma-prisma-bug-report\n    at Object.get (C:\\Users\\PRO\\Documents\\GitHub\\fleetbackend\\node_modules\\.prisma\\client\\index-browser.js:993:15)\n    at Object.tenant (C:\\Users\\PRO\\Documents\\GitHub\\fleetbackend\\tests\\unit\\subscription.service.test.ts:614:15)\n    at Promise.then.completed (C:\\Users\\PRO\\Documents\\GitHub\\fleetbackend\\node_modules\\jest-circus\\build\\utils.js:298:28)\n    at new Promise (<anonymous>)\n    at callAsyncCircusFn (C:\\Users\\PRO\\Documents\\GitHub\\fleetbackend\\node_modules\\jest-circus\\build\\utils.js:231:10)\n    at _callCircusTest (C:\\Users\\PRO\\Documents\\GitHub\\fleetbackend\\node_modules\\jest-circus\\build\\run.js:316:40)\n    at _runTest (C:\\Users\\PRO\\Documents\\GitHub\\fleetbackend\\node_modules\\jest-circus\\build\\run.js:252:3)\n    at _runTestsForDescribeBlock (C:\\Users\\PRO\\Documents\\GitHub\\fleetbackend\\node_modules\\jest-circus\\build\\run.js:126:9)\n    at _runTestsForDescribeBlock (C:\\Users\\PRO\\Documents\\GitHub\\fleetbackend\\node_modules\\jest-circus\\build\\run.js:121:9)\n    at _runTestsForDescribeBlock (C:\\Users\\PRO\\Documents\\GitHub\\fleetbackend\\node_modules\\jest-circus\\build\\run.js:121:9)\n    at run (C:\\Users\\PRO\\Documents\\GitHub\\fleetbackend\\node_modules\\jest-circus\\build\\run.js:71:3)\n    at runAndTransformResultsToJestFormat (C:\\Users\\PRO\\Documents\\GitHub\\fleetbackend\\node_modules\\jest-circus\\build\\legacy-code-todo-rewrite\\jestAdapterInit.js:122:21)\n    at jestAdapter (C:\\Users\\PRO\\Documents\\GitHub\\fleetbackend\\node_modules\\jest-circus\\build\\legacy-code-todo-rewrite\\jestAdapter.js:79:19)\n    at runTestInternal (C:\\Users\\PRO\\Documents\\GitHub\\fleetbackend\\node_modules\\jest-runner\\build\\runTest.js:367:16)\n    at runTest (C:\\Users\\PRO\\Documents\\GitHub\\fleetbackend\\node_modules\\jest-runner\\build\\runTest.js:444:34)"],"fullName":"SubscriptionService cancelSubscription should cancel at end of billing period","invocations":1,"location":null,"numPassingAsserts":0,"retryReasons":[],"status":"failed","title":"should cancel at end of billing period"},{"ancestorTitles":["SubscriptionService","reactivateSubscription"],"duration":0,"failureDetails":[{}],"failureMessages":["Error: PrismaClient is unable to run in this browser environment, or has been bundled for the browser (running in `Node.js`).\nIf this is unexpected, please open an issue: https://pris.ly/prisma-prisma-bug-report\n    at Object.get (C:\\Users\\PRO\\Documents\\GitHub\\fleetbackend\\node_modules\\.prisma\\client\\index-browser.js:993:15)\n    at Object.tenant (C:\\Users\\PRO\\Documents\\GitHub\\fleetbackend\\tests\\unit\\subscription.service.test.ts:649:15)\n    at Promise.then.completed (C:\\Users\\PRO\\Documents\\GitHub\\fleetbackend\\node_modules\\jest-circus\\build\\utils.js:298:28)\n    at new Promise (<anonymous>)\n    at callAsyncCircusFn (C:\\Users\\PRO\\Documents\\GitHub\\fleetbackend\\node_modules\\jest-circus\\build\\utils.js:231:10)\n    at _callCircusTest (C:\\Users\\PRO\\Documents\\GitHub\\fleetbackend\\node_modules\\jest-circus\\build\\run.js:316:40)\n    at _runTest (C:\\Users\\PRO\\Documents\\GitHub\\fleetbackend\\node_modules\\jest-circus\\build\\run.js:252:3)\n    at _runTestsForDescribeBlock (C:\\Users\\PRO\\Documents\\GitHub\\fleetbackend\\node_modules\\jest-circus\\build\\run.js:126:9)\n    at _runTestsForDescribeBlock (C:\\Users\\PRO\\Documents\\GitHub\\fleetbackend\\node_modules\\jest-circus\\build\\run.js:121:9)\n    at _runTestsForDescribeBlock (C:\\Users\\PRO\\Documents\\GitHub\\fleetbackend\\node_modules\\jest-circus\\build\\run.js:121:9)\n    at run (C:\\Users\\PRO\\Documents\\GitHub\\fleetbackend\\node_modules\\jest-circus\\build\\run.js:71:3)\n    at runAndTransformResultsToJestFormat (C:\\Users\\PRO\\Documents\\GitHub\\fleetbackend\\node_modules\\jest-circus\\build\\legacy-code-todo-rewrite\\jestAdapterInit.js:122:21)\n    at jestAdapter (C:\\Users\\PRO\\Documents\\GitHub\\fleetbackend\\node_modules\\jest-circus\\build\\legacy-code-todo-rewrite\\jestAdapter.js:79:19)\n    at runTestInternal (C:\\Users\\PRO\\Documents\\GitHub\\fleetbackend\\node_modules\\jest-runner\\build\\runTest.js:367:16)\n    at runTest (C:\\Users\\PRO\\Documents\\GitHub\\fleetbackend\\node_modules\\jest-runner\\build\\runTest.js:444:34)"],"fullName":"SubscriptionService reactivateSubscription should reactivate canceled subscription","invocations":1,"location":null,"numPassingAsserts":0,"retryReasons":[],"status":"failed","title":"should reactivate canceled subscription"},{"ancestorTitles":["SubscriptionService","reactivateSubscription"],"duration":0,"failureDetails":[{}],"failureMessages":["Error: PrismaClient is unable to run in this browser environment, or has been bundled for the browser (running in `Node.js`).\nIf this is unexpected, please open an issue: https://pris.ly/prisma-prisma-bug-report\n    at Object.get (C:\\Users\\PRO\\Documents\\GitHub\\fleetbackend\\node_modules\\.prisma\\client\\index-browser.js:993:15)\n    at Object.tenant (C:\\Users\\PRO\\Documents\\GitHub\\fleetbackend\\tests\\unit\\subscription.service.test.ts:675:15)\n    at Promise.then.completed (C:\\Users\\PRO\\Documents\\GitHub\\fleetbackend\\node_modules\\jest-circus\\build\\utils.js:298:28)\n    at new Promise (<anonymous>)\n    at callAsyncCircusFn (C:\\Users\\PRO\\Documents\\GitHub\\fleetbackend\\node_modules\\jest-circus\\build\\utils.js:231:10)\n    at _callCircusTest (C:\\Users\\PRO\\Documents\\GitHub\\fleetbackend\\node_modules\\jest-circus\\build\\run.js:316:40)\n    at _runTest (C:\\Users\\PRO\\Documents\\GitHub\\fleetbackend\\node_modules\\jest-circus\\build\\run.js:252:3)\n    at _runTestsForDescribeBlock (C:\\Users\\PRO\\Documents\\GitHub\\fleetbackend\\node_modules\\jest-circus\\build\\run.js:126:9)\n    at _runTestsForDescribeBlock (C:\\Users\\PRO\\Documents\\GitHub\\fleetbackend\\node_modules\\jest-circus\\build\\run.js:121:9)\n    at _runTestsForDescribeBlock (C:\\Users\\PRO\\Documents\\GitHub\\fleetbackend\\node_modules\\jest-circus\\build\\run.js:121:9)\n    at run (C:\\Users\\PRO\\Documents\\GitHub\\fleetbackend\\node_modules\\jest-circus\\build\\run.js:71:3)\n    at runAndTransformResultsToJestFormat (C:\\Users\\PRO\\Documents\\GitHub\\fleetbackend\\node_modules\\jest-circus\\build\\legacy-code-todo-rewrite\\jestAdapterInit.js:122:21)\n    at jestAdapter (C:\\Users\\PRO\\Documents\\GitHub\\fleetbackend\\node_modules\\jest-circus\\build\\legacy-code-todo-rewrite\\jestAdapter.js:79:19)\n    at runTestInternal (C:\\Users\\PRO\\Documents\\GitHub\\fleetbackend\\node_modules\\jest-runner\\build\\runTest.js:367:16)\n    at runTest (C:\\Users\\PRO\\Documents\\GitHub\\fleetbackend\\node_modules\\jest-runner\\build\\runTest.js:444:34)"],"fullName":"SubscriptionService reactivateSubscription should throw error if subscription not canceled","invocations":1,"location":null,"numPassingAsserts":0,"retryReasons":[],"status":"failed","title":"should throw error if subscription not canceled"},{"ancestorTitles":["SubscriptionService","renewSubscription"],"duration":1,"failureDetails":[{}],"failureMessages":["Error: PrismaClient is unable to run in this browser environment, or has been bundled for the browser (running in `Node.js`).\nIf this is unexpected, please open an issue: https://pris.ly/prisma-prisma-bug-report\n    at Object.get (C:\\Users\\PRO\\Documents\\GitHub\\fleetbackend\\node_modules\\.prisma\\client\\index-browser.js:993:15)\n    at Object.tenant (C:\\Users\\PRO\\Documents\\GitHub\\fleetbackend\\tests\\unit\\subscription.service.test.ts:697:15)\n    at Promise.then.completed (C:\\Users\\PRO\\Documents\\GitHub\\fleetbackend\\node_modules\\jest-circus\\build\\utils.js:298:28)\n    at new Promise (<anonymous>)\n    at callAsyncCircusFn (C:\\Users\\PRO\\Documents\\GitHub\\fleetbackend\\node_modules\\jest-circus\\build\\utils.js:231:10)\n    at _callCircusTest (C:\\Users\\PRO\\Documents\\GitHub\\fleetbackend\\node_modules\\jest-circus\\build\\run.js:316:40)\n    at _runTest (C:\\Users\\PRO\\Documents\\GitHub\\fleetbackend\\node_modules\\jest-circus\\build\\run.js:252:3)\n    at _runTestsForDescribeBlock (C:\\Users\\PRO\\Documents\\GitHub\\fleetbackend\\node_modules\\jest-circus\\build\\run.js:126:9)\n    at _runTestsForDescribeBlock (C:\\Users\\PRO\\Documents\\GitHub\\fleetbackend\\node_modules\\jest-circus\\build\\run.js:121:9)\n    at _runTestsForDescribeBlock (C:\\Users\\PRO\\Documents\\GitHub\\fleetbackend\\node_modules\\jest-circus\\build\\run.js:121:9)\n    at run (C:\\Users\\PRO\\Documents\\GitHub\\fleetbackend\\node_modules\\jest-circus\\build\\run.js:71:3)\n    at runAndTransformResultsToJestFormat (C:\\Users\\PRO\\Documents\\GitHub\\fleetbackend\\node_modules\\jest-circus\\build\\legacy-code-todo-rewrite\\jestAdapterInit.js:122:21)\n    at jestAdapter (C:\\Users\\PRO\\Documents\\GitHub\\fleetbackend\\node_modules\\jest-circus\\build\\legacy-code-todo-rewrite\\jestAdapter.js:79:19)\n    at runTestInternal (C:\\Users\\PRO\\Documents\\GitHub\\fleetbackend\\node_modules\\jest-runner\\build\\runTest.js:367:16)\n    at runTest (C:\\Users\\PRO\\Documents\\GitHub\\fleetbackend\\node_modules\\jest-runner\\build\\runTest.js:444:34)"],"fullName":"SubscriptionService renewSubscription should renew subscription successfully","invocations":1,"location":null,"numPassingAsserts":0,"retryReasons":[],"status":"failed","title":"should renew subscription successfully"},{"ancestorTitles":["SubscriptionService","renewSubscription"],"duration":0,"failureDetails":[{}],"failureMessages":["Error: PrismaClient is unable to run in this browser environment, or has been bundled for the browser (running in `Node.js`).\nIf this is unexpected, please open an issue: https://pris.ly/prisma-prisma-bug-report\n    at Object.get (C:\\Users\\PRO\\Documents\\GitHub\\fleetbackend\\node_modules\\.prisma\\client\\index-browser.js:993:15)\n    at Object.tenant (C:\\Users\\PRO\\Documents\\GitHub\\fleetbackend\\tests\\unit\\subscription.service.test.ts:726:15)\n    at Promise.then.completed (C:\\Users\\PRO\\Documents\\GitHub\\fleetbackend\\node_modules\\jest-circus\\build\\utils.js:298:28)\n    at new Promise (<anonymous>)\n    at callAsyncCircusFn (C:\\Users\\PRO\\Documents\\GitHub\\fleetbackend\\node_modules\\jest-circus\\build\\utils.js:231:10)\n    at _callCircusTest (C:\\Users\\PRO\\Documents\\GitHub\\fleetbackend\\node_modules\\jest-circus\\build\\run.js:316:40)\n    at _runTest (C:\\Users\\PRO\\Documents\\GitHub\\fleetbackend\\node_modules\\jest-circus\\build\\run.js:252:3)\n    at _runTestsForDescribeBlock (C:\\Users\\PRO\\Documents\\GitHub\\fleetbackend\\node_modules\\jest-circus\\build\\run.js:126:9)\n    at _runTestsForDescribeBlock (C:\\Users\\PRO\\Documents\\GitHub\\fleetbackend\\node_modules\\jest-circus\\build\\run.js:121:9)\n    at _runTestsForDescribeBlock (C:\\Users\\PRO\\Documents\\GitHub\\fleetbackend\\node_modules\\jest-circus\\build\\run.js:121:9)\n    at run (C:\\Users\\PRO\\Documents\\GitHub\\fleetbackend\\node_modules\\jest-circus\\build\\run.js:71:3)\n    at runAndTransformResultsToJestFormat (C:\\Users\\PRO\\Documents\\GitHub\\fleetbackend\\node_modules\\jest-circus\\build\\legacy-code-todo-rewrite\\jestAdapterInit.js:122:21)\n    at jestAdapter (C:\\Users\\PRO\\Documents\\GitHub\\fleetbackend\\node_modules\\jest-circus\\build\\legacy-code-todo-rewrite\\jestAdapter.js:79:19)\n    at runTestInternal (C:\\Users\\PRO\\Documents\\GitHub\\fleetbackend\\node_modules\\jest-runner\\build\\runTest.js:367:16)\n    at runTest (C:\\Users\\PRO\\Documents\\GitHub\\fleetbackend\\node_modules\\jest-runner\\build\\runTest.js:444:34)"],"fullName":"SubscriptionService renewSubscription should throw error if autoRenew is disabled","invocations":1,"location":null,"numPassingAsserts":0,"retryReasons":[],"status":"failed","title":"should throw error if autoRenew is disabled"},{"ancestorTitles":["SubscriptionService","renewSubscription"],"duration":0,"failureDetails":[{}],"failureMessages":["Error: PrismaClient is unable to run in this browser environment, or has been bundled for the browser (running in `Node.js`).\nIf this is unexpected, please open an issue: https://pris.ly/prisma-prisma-bug-report\n    at Object.get (C:\\Users\\PRO\\Documents\\GitHub\\fleetbackend\\node_modules\\.prisma\\client\\index-browser.js:993:15)\n    at Object.tenant (C:\\Users\\PRO\\Documents\\GitHub\\fleetbackend\\tests\\unit\\subscription.service.test.ts:746:15)\n    at Promise.then.completed (C:\\Users\\PRO\\Documents\\GitHub\\fleetbackend\\node_modules\\jest-circus\\build\\utils.js:298:28)\n    at new Promise (<anonymous>)\n    at callAsyncCircusFn (C:\\Users\\PRO\\Documents\\GitHub\\fleetbackend\\node_modules\\jest-circus\\build\\utils.js:231:10)\n    at _callCircusTest (C:\\Users\\PRO\\Documents\\GitHub\\fleetbackend\\node_modules\\jest-circus\\build\\run.js:316:40)\n    at _runTest (C:\\Users\\PRO\\Documents\\GitHub\\fleetbackend\\node_modules\\jest-circus\\build\\run.js:252:3)\n    at _runTestsForDescribeBlock (C:\\Users\\PRO\\Documents\\GitHub\\fleetbackend\\node_modules\\jest-circus\\build\\run.js:126:9)\n    at _runTestsForDescribeBlock (C:\\Users\\PRO\\Documents\\GitHub\\fleetbackend\\node_modules\\jest-circus\\build\\run.js:121:9)\n    at _runTestsForDescribeBlock (C:\\Users\\PRO\\Documents\\GitHub\\fleetbackend\\node_modules\\jest-circus\\build\\run.js:121:9)\n    at run (C:\\Users\\PRO\\Documents\\GitHub\\fleetbackend\\node_modules\\jest-circus\\build\\run.js:71:3)\n    at runAndTransformResultsToJestFormat (C:\\Users\\PRO\\Documents\\GitHub\\fleetbackend\\node_modules\\jest-circus\\build\\legacy-code-todo-rewrite\\jestAdapterInit.js:122:21)\n    at jestAdapter (C:\\Users\\PRO\\Documents\\GitHub\\fleetbackend\\node_modules\\jest-circus\\build\\legacy-code-todo-rewrite\\jestAdapter.js:79:19)\n    at runTestInternal (C:\\Users\\PRO\\Documents\\GitHub\\fleetbackend\\node_modules\\jest-runner\\build\\runTest.js:367:16)\n    at runTest (C:\\Users\\PRO\\Documents\\GitHub\\fleetbackend\\node_modules\\jest-runner\\build\\runTest.js:444:34)"],"fullName":"SubscriptionService renewSubscription should use yearly price for yearly billing cycle","invocations":1,"location":null,"numPassingAsserts":0,"retryReasons":[],"status":"failed","title":"should use yearly price for yearly billing cycle"},{"ancestorTitles":["SubscriptionService","validatePlanLimits"],"duration":1,"failureDetails":[{}],"failureMessages":["Error: PrismaClient is unable to run in this browser environment, or has been bundled for the browser (running in `Node.js`).\nIf this is unexpected, please open an issue: https://pris.ly/prisma-prisma-bug-report\n    at Object.get (C:\\Users\\PRO\\Documents\\GitHub\\fleetbackend\\node_modules\\.prisma\\client\\index-browser.js:993:15)\n    at Object.tenant (C:\\Users\\PRO\\Documents\\GitHub\\fleetbackend\\tests\\unit\\subscription.service.test.ts:777:15)\n    at Promise.then.completed (C:\\Users\\PRO\\Documents\\GitHub\\fleetbackend\\node_modules\\jest-circus\\build\\utils.js:298:28)\n    at new Promise (<anonymous>)\n    at callAsyncCircusFn (C:\\Users\\PRO\\Documents\\GitHub\\fleetbackend\\node_modules\\jest-circus\\build\\utils.js:231:10)\n    at _callCircusTest (C:\\Users\\PRO\\Documents\\GitHub\\fleetbackend\\node_modules\\jest-circus\\build\\run.js:316:40)\n    at _runTest (C:\\Users\\PRO\\Documents\\GitHub\\fleetbackend\\node_modules\\jest-circus\\build\\run.js:252:3)\n    at _runTestsForDescribeBlock (C:\\Users\\PRO\\Documents\\GitHub\\fleetbackend\\node_modules\\jest-circus\\build\\run.js:126:9)\n    at _runTestsForDescribeBlock (C:\\Users\\PRO\\Documents\\GitHub\\fleetbackend\\node_modules\\jest-circus\\build\\run.js:121:9)\n    at _runTestsForDescribeBlock (C:\\Users\\PRO\\Documents\\GitHub\\fleetbackend\\node_modules\\jest-circus\\build\\run.js:121:9)\n    at run (C:\\Users\\PRO\\Documents\\GitHub\\fleetbackend\\node_modules\\jest-circus\\build\\run.js:71:3)\n    at runAndTransformResultsToJestFormat (C:\\Users\\PRO\\Documents\\GitHub\\fleetbackend\\node_modules\\jest-circus\\build\\legacy-code-todo-rewrite\\jestAdapterInit.js:122:21)\n    at jestAdapter (C:\\Users\\PRO\\Documents\\GitHub\\fleetbackend\\node_modules\\jest-circus\\build\\legacy-code-todo-rewrite\\jestAdapter.js:79:19)\n    at runTestInternal (C:\\Users\\PRO\\Documents\\GitHub\\fleetbackend\\node_modules\\jest-runner\\build\\runTest.js:367:16)\n    at runTest (C:\\Users\\PRO\\Documents\\GitHub\\fleetbackend\\node_modules\\jest-runner\\build\\runTest.js:444:34)"],"fullName":"SubscriptionService validatePlanLimits should pass validation when within limits","invocations":1,"location":null,"numPassingAsserts":0,"retryReasons":[],"status":"failed","title":"should pass validation when within limits"},{"ancestorTitles":["SubscriptionService","validatePlanLimits"],"duration":0,"failureDetails":[{}],"failureMessages":["Error: PrismaClient is unable to run in this browser environment, or has been bundled for the browser (running in `Node.js`).\nIf this is unexpected, please open an issue: https://pris.ly/prisma-prisma-bug-report\n    at Object.get (C:\\Users\\PRO\\Documents\\GitHub\\fleetbackend\\node_modules\\.prisma\\client\\index-browser.js:993:15)\n    at Object.tenant (C:\\Users\\PRO\\Documents\\GitHub\\fleetbackend\\tests\\unit\\subscription.service.test.ts:799:15)\n    at Promise.then.completed (C:\\Users\\PRO\\Documents\\GitHub\\fleetbackend\\node_modules\\jest-circus\\build\\utils.js:298:28)\n    at new Promise (<anonymous>)\n    at callAsyncCircusFn (C:\\Users\\PRO\\Documents\\GitHub\\fleetbackend\\node_modules\\jest-circus\\build\\utils.js:231:10)\n    at _callCircusTest (C:\\Users\\PRO\\Documents\\GitHub\\fleetbackend\\node_modules\\jest-circus\\build\\run.js:316:40)\n    at _runTest (C:\\Users\\PRO\\Documents\\GitHub\\fleetbackend\\node_modules\\jest-circus\\build\\run.js:252:3)\n    at _runTestsForDescribeBlock (C:\\Users\\PRO\\Documents\\GitHub\\fleetbackend\\node_modules\\jest-circus\\build\\run.js:126:9)\n    at _runTestsForDescribeBlock (C:\\Users\\PRO\\Documents\\GitHub\\fleetbackend\\node_modules\\jest-circus\\build\\run.js:121:9)\n    at _runTestsForDescribeBlock (C:\\Users\\PRO\\Documents\\GitHub\\fleetbackend\\node_modules\\jest-circus\\build\\run.js:121:9)\n    at run (C:\\Users\\PRO\\Documents\\GitHub\\fleetbackend\\node_modules\\jest-circus\\build\\run.js:71:3)\n    at runAndTransformResultsToJestFormat (C:\\Users\\PRO\\Documents\\GitHub\\fleetbackend\\node_modules\\jest-circus\\build\\legacy-code-todo-rewrite\\jestAdapterInit.js:122:21)\n    at jestAdapter (C:\\Users\\PRO\\Documents\\GitHub\\fleetbackend\\node_modules\\jest-circus\\build\\legacy-code-todo-rewrite\\jestAdapter.js:79:19)\n    at runTestInternal (C:\\Users\\PRO\\Documents\\GitHub\\fleetbackend\\node_modules\\jest-runner\\build\\runTest.js:367:16)\n    at runTest (C:\\Users\\PRO\\Documents\\GitHub\\fleetbackend\\node_modules\\jest-runner\\build\\runTest.js:444:34)"],"fullName":"SubscriptionService validatePlanLimits should detect vehicle limit violation","invocations":1,"location":null,"numPassingAsserts":0,"retryReasons":[],"status":"failed","title":"should detect vehicle limit violation"},{"ancestorTitles":["SubscriptionService","validatePlanLimits"],"duration":1,"failureDetails":[{}],"failureMessages":["Error: PrismaClient is unable to run in this browser environment, or has been bundled for the browser (running in `Node.js`).\nIf this is unexpected, please open an issue: https://pris.ly/prisma-prisma-bug-report\n    at Object.get (C:\\Users\\PRO\\Documents\\GitHub\\fleetbackend\\node_modules\\.prisma\\client\\index-browser.js:993:15)\n    at Object.tenant (C:\\Users\\PRO\\Documents\\GitHub\\fleetbackend\\tests\\unit\\subscription.service.test.ts:820:15)\n    at Promise.then.completed (C:\\Users\\PRO\\Documents\\GitHub\\fleetbackend\\node_modules\\jest-circus\\build\\utils.js:298:28)\n    at new Promise (<anonymous>)\n    at callAsyncCircusFn (C:\\Users\\PRO\\Documents\\GitHub\\fleetbackend\\node_modules\\jest-circus\\build\\utils.js:231:10)\n    at _callCircusTest (C:\\Users\\PRO\\Documents\\GitHub\\fleetbackend\\node_modules\\jest-circus\\build\\run.js:316:40)\n    at _runTest (C:\\Users\\PRO\\Documents\\GitHub\\fleetbackend\\node_modules\\jest-circus\\build\\run.js:252:3)\n    at _runTestsForDescribeBlock (C:\\Users\\PRO\\Documents\\GitHub\\fleetbackend\\node_modules\\jest-circus\\build\\run.js:126:9)\n    at _runTestsForDescribeBlock (C:\\Users\\PRO\\Documents\\GitHub\\fleetbackend\\node_modules\\jest-circus\\build\\run.js:121:9)\n    at _runTestsForDescribeBlock (C:\\Users\\PRO\\Documents\\GitHub\\fleetbackend\\node_modules\\jest-circus\\build\\run.js:121:9)\n    at run (C:\\Users\\PRO\\Documents\\GitHub\\fleetbackend\\node_modules\\jest-circus\\build\\run.js:71:3)\n    at runAndTransformResultsToJestFormat (C:\\Users\\PRO\\Documents\\GitHub\\fleetbackend\\node_modules\\jest-circus\\build\\legacy-code-todo-rewrite\\jestAdapterInit.js:122:21)\n    at jestAdapter (C:\\Users\\PRO\\Documents\\GitHub\\fleetbackend\\node_modules\\jest-circus\\build\\legacy-code-todo-rewrite\\jestAdapter.js:79:19)\n    at runTestInternal (C:\\Users\\PRO\\Documents\\GitHub\\fleetbackend\\node_modules\\jest-runner\\build\\runTest.js:367:16)\n    at runTest (C:\\Users\\PRO\\Documents\\GitHub\\fleetbackend\\node_modules\\jest-runner\\build\\runTest.js:444:34)"],"fullName":"SubscriptionService validatePlanLimits should detect multiple violations","invocations":1,"location":null,"numPassingAsserts":0,"retryReasons":[],"status":"failed","title":"should detect multiple violations"},{"ancestorTitles":["SubscriptionService","validatePlanLimits"],"duration":0,"failureDetails":[{}],"failureMessages":["Error: PrismaClient is unable to run in this browser environment, or has been bundled for the browser (running in `Node.js`).\nIf this is unexpected, please open an issue: https://pris.ly/prisma-prisma-bug-report\n    at Object.get (C:\\Users\\PRO\\Documents\\GitHub\\fleetbackend\\node_modules\\.prisma\\client\\index-browser.js:993:15)\n    at Object.tenant (C:\\Users\\PRO\\Documents\\GitHub\\fleetbackend\\tests\\unit\\subscription.service.test.ts:844:15)\n    at Promise.then.completed (C:\\Users\\PRO\\Documents\\GitHub\\fleetbackend\\node_modules\\jest-circus\\build\\utils.js:298:28)\n    at new Promise (<anonymous>)\n    at callAsyncCircusFn (C:\\Users\\PRO\\Documents\\GitHub\\fleetbackend\\node_modules\\jest-circus\\build\\utils.js:231:10)\n    at _callCircusTest (C:\\Users\\PRO\\Documents\\GitHub\\fleetbackend\\node_modules\\jest-circus\\build\\run.js:316:40)\n    at _runTest (C:\\Users\\PRO\\Documents\\GitHub\\fleetbackend\\node_modules\\jest-circus\\build\\run.js:252:3)\n    at _runTestsForDescribeBlock (C:\\Users\\PRO\\Documents\\GitHub\\fleetbackend\\node_modules\\jest-circus\\build\\run.js:126:9)\n    at _runTestsForDescribeBlock (C:\\Users\\PRO\\Documents\\GitHub\\fleetbackend\\node_modules\\jest-circus\\build\\run.js:121:9)\n    at _runTestsForDescribeBlock (C:\\Users\\PRO\\Documents\\GitHub\\fleetbackend\\node_modules\\jest-circus\\build\\run.js:121:9)\n    at run (C:\\Users\\PRO\\Documents\\GitHub\\fleetbackend\\node_modules\\jest-circus\\build\\run.js:71:3)\n    at runAndTransformResultsToJestFormat (C:\\Users\\PRO\\Documents\\GitHub\\fleetbackend\\node_modules\\jest-circus\\build\\legacy-code-todo-rewrite\\jestAdapterInit.js:122:21)\n    at jestAdapter (C:\\Users\\PRO\\Documents\\GitHub\\fleetbackend\\node_modules\\jest-circus\\build\\legacy-code-todo-rewrite\\jestAdapter.js:79:19)\n    at runTestInternal (C:\\Users\\PRO\\Documents\\GitHub\\fleetbackend\\node_modules\\jest-runner\\build\\runTest.js:367:16)\n    at runTest (C:\\Users\\PRO\\Documents\\GitHub\\fleetbackend\\node_modules\\jest-runner\\build\\runTest.js:444:34)"],"fullName":"SubscriptionService validatePlanLimits should allow unlimited for PREMIUM plan","invocations":1,"location":null,"numPassingAsserts":0,"retryReasons":[],"status":"failed","title":"should allow unlimited for PREMIUM plan"}],"endTime":1768551249000,"message":"\u001b[1m\u001b[31m  \u001b[1m● \u001b[22m\u001b[1mSubscriptionService › getPlanConfig › should return database config when available\u001b[39m\u001b[22m\n\n    PrismaClient is unable to run in this browser environment, or has been bundled for the browser (running in `Node.js`).\n    If this is unexpected, please open an issue: https://pris.ly/prisma-prisma-bug-report\n\u001b[2m\u001b[22m\n\u001b[2m    \u001b[0m \u001b[90m 62 |\u001b[39m       }\u001b[33m;\u001b[39m\u001b[22m\n\u001b[2m     \u001b[90m 63 |\u001b[39m\u001b[22m\n\u001b[2m    \u001b[31m\u001b[1m>\u001b[22m\u001b[2m\u001b[39m\u001b[90m 64 |\u001b[39m       (prisma\u001b[33m.\u001b[39mplanConfiguration\u001b[33m.\u001b[39mfindUnique \u001b[36mas\u001b[39m jest\u001b[33m.\u001b[39m\u001b[33mMock\u001b[39m)\u001b[33m.\u001b[39mmockResolvedValue(mockConfig)\u001b[33m;\u001b[39m\u001b[22m\n\u001b[2m     \u001b[90m    |\u001b[39m               \u001b[31m\u001b[1m^\u001b[22m\u001b[2m\u001b[39m\u001b[22m\n\u001b[2m     \u001b[90m 65 |\u001b[39m\u001b[22m\n\u001b[2m     \u001b[90m 66 |\u001b[39m       \u001b[36mconst\u001b[39m result \u001b[33m=\u001b[39m \u001b[36mawait\u001b[39m subscriptionService\u001b[33m.\u001b[39mgetPlanConfig(\u001b[32m'PREMIUM'\u001b[39m)\u001b[33m;\u001b[39m\u001b[22m\n\u001b[2m     \u001b[90m 67 |\u001b[39m\u001b[0m\u001b[22m\n\u001b[2m\u001b[22m\n\u001b[2m      \u001b[2mat Object.get (\u001b[22m\u001b[2mnode_modules/.prisma/client/index-browser.js\u001b[2m:993:15)\u001b[22m\u001b[2m\u001b[22m\n\u001b[2m      \u001b[2mat Object.planConfiguration (\u001b[22m\u001b[2m\u001b[0m\u001b[36mtests/unit/subscription.service.test.ts\u001b[39m\u001b[0m\u001b[2m:64:15)\u001b[22m\u001b[2m\u001b[22m\n\n\u001b[1m\u001b[31m  \u001b[1m● \u001b[22m\u001b[1mSubscriptionService › getPlanConfig › should fall back to defaults when database config unavailable\u001b[39m\u001b[22m\n\n    PrismaClient is unable to run in this browser environment, or has been bundled for the browser (running in `Node.js`).\n    If this is unexpected, please open an issue: https://pris.ly/prisma-prisma-bug-report\n\u001b[2m\u001b[22m\n\u001b[2m    \u001b[0m \u001b[90m 72 |\u001b[39m\u001b[22m\n\u001b[2m     \u001b[90m 73 |\u001b[39m     it(\u001b[32m'should fall back to defaults when database config unavailable'\u001b[39m\u001b[33m,\u001b[39m \u001b[36masync\u001b[39m () \u001b[33m=>\u001b[39m {\u001b[22m\n\u001b[2m    \u001b[31m\u001b[1m>\u001b[22m\u001b[2m\u001b[39m\u001b[90m 74 |\u001b[39m       (prisma\u001b[33m.\u001b[39mplanConfiguration\u001b[33m.\u001b[39mfindUnique \u001b[36mas\u001b[39m jest\u001b[33m.\u001b[39m\u001b[33mMock\u001b[39m)\u001b[33m.\u001b[39mmockResolvedValue(\u001b[36mnull\u001b[39m)\u001b[33m;\u001b[39m\u001b[22m\n\u001b[2m     \u001b[90m    |\u001b[39m               \u001b[31m\u001b[1m^\u001b[22m\u001b[2m\u001b[39m\u001b[22m\n\u001b[2m     \u001b[90m 75 |\u001b[39m\u001b[22m\n\u001b[2m     \u001b[90m 76 |\u001b[39m       \u001b[36mconst\u001b[39m result \u001b[33m=\u001b[39m \u001b[36mawait\u001b[39m subscriptionService\u001b[33m.\u001b[39mgetPlanConfig(\u001b[32m'BASIC'\u001b[39m)\u001b[33m;\u001b[39m\u001b[22m\n\u001b[2m     \u001b[90m 77 |\u001b[39m\u001b[0m\u001b[22m\n\u001b[2m\u001b[22m\n\u001b[2m      \u001b[2mat Object.get (\u001b[22m\u001b[2mnode_modules/.prisma/client/index-browser.js\u001b[2m:993:15)\u001b[22m\u001b[2m\u001b[22m\n\u001b[2m      \u001b[2mat Object.planConfiguration (\u001b[22m\u001b[2m\u001b[0m\u001b[36mtests/unit/subscription.service.test.ts\u001b[39m\u001b[0m\u001b[2m:74:15)\u001b[22m\u001b[2m\u001b[22m\n\n\u001b[1m\u001b[31m  \u001b[1m● \u001b[22m\u001b[1mSubscriptionService › getPlanConfig › should return FREE plan config\u001b[39m\u001b[22m\n\n    PrismaClient is unable to run in this browser environment, or has been bundled for the browser (running in `Node.js`).\n    If this is unexpected, please open an issue: https://pris.ly/prisma-prisma-bug-report\n\u001b[2m\u001b[22m\n\u001b[2m    \u001b[0m \u001b[90m 83 |\u001b[39m\u001b[22m\n\u001b[2m     \u001b[90m 84 |\u001b[39m     it(\u001b[32m'should return FREE plan config'\u001b[39m\u001b[33m,\u001b[39m \u001b[36masync\u001b[39m () \u001b[33m=>\u001b[39m {\u001b[22m\n\u001b[2m    \u001b[31m\u001b[1m>\u001b[22m\u001b[2m\u001b[39m\u001b[90m 85 |\u001b[39m       (prisma\u001b[33m.\u001b[39mplanConfiguration\u001b[33m.\u001b[39mfindUnique \u001b[36mas\u001b[39m jest\u001b[33m.\u001b[39m\u001b[33mMock\u001b[39m)\u001b[33m.\u001b[39mmockResolvedValue(\u001b[36mnull\u001b[39m)\u001b[33m;\u001b[39m\u001b[22m\n\u001b[2m     \u001b[90m    |\u001b[39m               \u001b[31m\u001b[1m^\u001b[22m\u001b[2m\u001b[39m\u001b[22m\n\u001b[2m     \u001b[90m 86 |\u001b[39m\u001b[22m\n\u001b[2m     \u001b[90m 87 |\u001b[39m       \u001b[36mconst\u001b[39m result \u001b[33m=\u001b[39m \u001b[36mawait\u001b[39m subscriptionService\u001b[33m.\u001b[39mgetPlanConfig(\u001b[32m'FREE'\u001b[39m)\u001b[33m;\u001b[39m\u001b[22m\n\u001b[2m     \u001b[90m 88 |\u001b[39m\u001b[0m\u001b[22m\n\u001b[2m\u001b[22m\n\u001b[2m      \u001b[2mat Object.get (\u001b[22m\u001b[2mnode_modules/.prisma/client/index-browser.js\u001b[2m:993:15)\u001b[22m\u001b[2m\u001b[22m\n\u001b[2m      \u001b[2mat Object.planConfiguration (\u001b[22m\u001b[2m\u001b[0m\u001b[36mtests/unit/subscription.service.test.ts\u001b[39m\u001b[0m\u0
[...]
ngAsserts":4,"retryReasons":[],"status":"passed","title":"should create security alert for impersonation"},{"ancestorTitles":["Impersonation Security (VULN-006)","Security Alerts"],"duration":1,"failureDetails":[],"failureMessages":[],"fullName":"Impersonation Security (VULN-006) Security Alerts should include all relevant IDs in alert","invocations":1,"location":null,"numPassingAsserts":3,"retryReasons":[],"status":"passed","title":"should include all relevant IDs in alert"},{"ancestorTitles":["Impersonation Security (VULN-006)","Response Format"],"duration":0,"failureDetails":[],"failureMessages":[],"fullName":"Impersonation Security (VULN-006) Response Format should include expiration info in response","invocations":1,"location":null,"numPassingAsserts":2,"retryReasons":[],"status":"passed","title":"should include expiration info in response"},{"ancestorTitles":["Impersonation Security (VULN-006)","Combined Security Checks"],"duration":0,"failureDetails":[],"failureMessages":[],"fullName":"Impersonation Security (VULN-006) Combined Security Checks should enforce all security measures together","invocations":1,"location":null,"numPassingAsserts":4,"retryReasons":[],"status":"passed","title":"should enforce all security measures together"},{"ancestorTitles":["Impersonation Security (VULN-006)","Combined Security Checks"],"duration":0,"failureDetails":[],"failureMessages":[],"fullName":"Impersonation Security (VULN-006) Combined Security Checks should require all checks to pass","invocations":1,"location":null,"numPassingAsserts":2,"retryReasons":[],"status":"passed","title":"should require all checks to pass"},{"ancestorTitles":["Impersonation Security (VULN-006)","Error Messages"],"duration":0,"failureDetails":[],"failureMessages":[],"fullName":"Impersonation Security (VULN-006) Error Messages should provide clear error for rate limit","invocations":1,"location":null,"numPassingAsserts":1,"retryReasons":[],"status":"passed","title":"should provide clear error for rate limit"},{"ancestorTitles":["Impersonation Security (VULN-006)","Error Messages"],"duration":0,"failureDetails":[],"failureMessages":[],"fullName":"Impersonation Security (VULN-006) Error Messages should provide clear error for concurrent limit","invocations":1,"location":null,"numPassingAsserts":2,"retryReasons":[],"status":"passed","title":"should provide clear error for concurrent limit"},{"ancestorTitles":["Impersonation Security (VULN-006)","Error Messages"],"duration":4,"failureDetails":[],"failureMessages":[],"fullName":"Impersonation Security (VULN-006) Error Messages should provide clear error for invalid reason","invocations":1,"location":null,"numPassingAsserts":1,"retryReasons":[],"status":"passed","title":"should provide clear error for invalid reason"}],"endTime":1768551250794,"message":"\u001b[1m\u001b[31m  \u001b[1m● \u001b[22m\u001b[1mImpersonation Security (VULN-006) › Auto-Timeout › should timeout impersonation after 1 hour\u001b[39m\u001b[22m\n\n    \u001b[2mexpect(\u001b[22m\u001b[31mreceived\u001b[39m\u001b[2m).\u001b[22mtoBe\u001b[2m(\u001b[22m\u001b[32mexpected\u001b[39m\u001b[2m) // Object.is equality\u001b[22m\n\n    Expected: \u001b[32mfalse\u001b[39m\n    Received: \u001b[31mundefined\u001b[39m\n\u001b[2m\u001b[22m\n\u001b[2m    \u001b[0m \u001b[90m 226 |\u001b[39m\u001b[22m\n\u001b[2m     \u001b[90m 227 |\u001b[39m       \u001b[90m// Should be cleaned up\u001b[39m\u001b[22m\n\u001b[2m    \u001b[31m\u001b[1m>\u001b[22m\u001b[2m\u001b[39m\u001b[90m 228 |\u001b[39m       expect(activeImpersonations\u001b[33m.\u001b[39m\u001b[36mget\u001b[39m(adminId)\u001b[33m?\u001b[39m\u001b[33m.\u001b[39mhas(tenantId))\u001b[33m.\u001b[39mtoBe(\u001b[36mfalse\u001b[39m)\u001b[33m;\u001b[39m\u001b[22m\n\u001b[2m     \u001b[90m     |\u001b[39m                                                                \u001b[31m\u001b[1m^\u001b[22m\u001b[2m\u001b[39m\u001b[22m\n\u001b[2m     \u001b[90m 229 |\u001b[39m\u001b[22m\n\u001b[2m     \u001b[90m 230 |\u001b[39m       jest\u001b[33m.\u001b[39museRealTimers()\u001b[33m;\u001b[39m\u001b[22m\n\u001b[2m     \u001b[90m 231 |\u001b[39m     })\u001b[33m;\u001b[39m\u001b[0m\u001b[22m\n\u001b[2m\u001b[22m\n\u001b[2m      \u001b[2mat Object.toBe (\u001b[22m\u001b[2m\u001b[0m\u001b[36mtests/unit/impersonation-security.test.ts\u001b[39m\u001b[0m\u001b[2m:228:64)\u001b[22m\u001b[2m\u001b[22m\n","name":"C:\\Users\\PRO\\Documents\\GitHub\\fleetbackend\\tests\\unit\\impersonation-security.test.ts","startTime":1768551250616,"status":"failed","summary":""},{"assertionResults":[{"ancestorTitles":["Authentication Forms","SignUpForm"],"duration":128,"failureDetails":[],"failureMessages":[],"fullName":"Authentication Forms SignUpForm should render all form fields","invocations":1,"location":null,"numPassingAsserts":7,"retryReasons":[],"status":"passed","title":"should render all form fields"},{"ancestorTitles":["Authentication Forms","SignUpForm"],"duration":97,"failureDetails":[],"failureMessages":[],"fullName":"Authentication Forms SignUpForm should validate required fields","invocations":1,"location":null,"numPassingAsserts":1,"retryReasons":[],"status":"passed","title":"should validate required fields"},{"ancestorTitles":["Authentication Forms","SignUpForm"],"duration":540,"failureDetails":[],"failureMessages":[],"fullName":"Authentication Forms SignUpForm should validate password confirmation","invocations":1,"location":null,"numPassingAsserts":1,"retryReasons":[],"status":"passed","title":"should validate password confirmation"},{"ancestorTitles":["Authentication Forms","SignUpForm"],"duration":1590,"failureDetails":[],"failureMessages":[],"fullName":"Authentication Forms SignUpForm should submit form with valid data","invocations":1,"location":null,"numPassingAsserts":1,"retryReasons":[],"status":"passed","title":"should submit form with valid data"},{"ancestorTitles":["Authentication Forms","SignUpForm"],"duration":1482,"failureDetails":[],"failureMessages":[],"fullName":"Authentication Forms SignUpForm should handle form submission errors","invocations":1,"location":null,"numPassingAsserts":1,"retryReasons":[],"status":"passed","title":"should handle form submission errors"},{"ancestorTitles":["Authentication Forms","SignUpForm"],"duration":1482,"failureDetails":[],"failureMessages":[],"fullName":"Authentication Forms SignUpForm should show loading state during submission","invocations":1,"location":null,"numPassingAsserts":2,"retryReasons":[],"status":"passed","title":"should show loading state during submission"},{"ancestorTitles":["Authentication Forms","LoginForm"],"duration":21,"failureDetails":[],"failureMessages":[],"fullName":"Authentication Forms LoginForm should render login form fields","invocations":1,"location":null,"numPassingAsserts":5,"retryReasons":[],"status":"passed","title":"should render login form fields"},{"ancestorTitles":["Authentication Forms","LoginForm"],"duration":68,"failureDetails":[],"failureMessages":[],"fullName":"Authentication Forms LoginForm should validate required fields","invocations":1,"location":null,"numPassingAsserts":1,"retryReasons":[],"status":"passed","title":"should validate required fields"},{"ancestorTitles":["Authentication Forms","LoginForm"],"duration":607,"failureDetails":[],"failureMessages":[],"fullName":"Authentication Forms LoginForm should submit form with valid data","invocations":1,"location":null,"numPassingAsserts":1,"retryReasons":[],"status":"passed","title":"should submit form with valid data"},{"ancestorTitles":["Authentication Forms","LoginForm"],"duration":606,"failureDetails":[],"failureMessages":[],"fullName":"Authentication Forms LoginForm should handle login errors","invocations":1,"location":null,"numPassingAsserts":1,"retryReasons":[],"status":"passed","title":"should handle login errors"},{"ancestorTitles":["Authentication Forms","LoginForm"],"duration":590,"failureDetails":[],"failureMessages":[],"fullName":"Authentication Forms LoginForm should show loading state during submission","invocations":1,"location":null,"numPassingAsserts":2,"retryReasons":[],"status":"passed","title":"should show loading state during submission"},{"ancestorTitles":["Authentication Forms","LoginForm"],"duration":63,"failureDetails":[],"failureMessages":[],"fullName":"Authentication Forms LoginForm should toggle remember me checkbox","invocations":1,"location":null,"numPassingAsserts":2,"retryReasons":[],"status":"passed","title":"should toggle remember me checkbox"}],"endTime":1768551258619,"message":"","name":"C:\\Users\\PRO\\Documents\\GitHub\\fleetbackend\\tests\\components\\auth-forms.test.tsx","startTime":1768551250812,"status":"passed","summary":""},{"assertionResults":[{"ancestorTitles":["Super Admin Dashboard"],"duration":8,"failureDetails":[],"failureMessages":[],"fullName":"Super Admin Dashboard should render dashboard with loading state initially","invocations":1,"location":null,"numPassingAsserts":1,"retryReasons":[],"status":"passed","title":"should render dashboard with loading state initially"},{"ancestorTitles":["Super Admin Dashboard"],"duration":88,"failureDetails":[],"failureMessages":[],"fullName":"Super Admin Dashboard should render KPI cards when data is loaded","invocations":1,"location":null,"numPassingAsserts":8,"retryReasons":[],"status":"passed","title":"should render KPI cards when data is loaded"},{"ancestorTitles":["Super Admin Dashboard"],"duration":85,"failureDetails":[],"failureMessages":[],"fullName":"Super Admin Dashboard should render alerts section","invocations":1,"location":null,"numPassingAsserts":3,"retryReasons":[],"status":"passed","title":"should render alerts section"},{"ancestorTitles":["Super Admin Dashboard"],"duration":30,"failureDetails":[],"failureMessages":[],"fullName":"Super Admin Dashboard should render recent activity section","invocations":1,"location":null,"numPassingAsserts":2,"retryReasons":[],"status":"passed","title":"should render recent activity section"},{"ancestorTitles":["Super Admin Dashboard"],"duration":28,"failureDetails":[],"failureMessages":[],"fullName":"Super Admin Dashboard should handle API errors gracefully","invocations":1,"location":null,"numPassingAsserts":1,"retryReasons":[],"status":"passed","title":"should handle API errors gracefully"},{"ancestorTitles":["Super Admin Dashboard"],"duration":32,"failureDetails":[],"failureMessages":[],"fullName":"Super Admin Dashboard should display change indicators for KPI cards","invocations":1,"location":null,"numPassingAsserts":4,"retryReasons":[],"status":"passed","title":"should display change indicators for KPI cards"},{"ancestorTitles":["Super Admin Dashboard"],"duration":57,"failureDetails":[],"failureMessages":[],"fullName":"Super Admin Dashboard should render empty states when no data","invocations":1,"location":null,"numPassingAsserts":3,"retryReasons":[],"status":"passed","title":"should render empty states when no data"}],"endTime":1768551259517,"message":"","name":"C:\\Users\\PRO\\Documents\\GitHub\\fleetbackend\\tests\\components\\dashboard.test.tsx","startTime":1768551258654,"status":"passed","summary":""},{"assertionResults":[{"ancestorTitles":["Webhook Security (VULN-004)","Rate Limiting"],"duration":1,"failureDetails":[],"failureMessages":[],"fullName":"Webhook Security (VULN-004) Rate Limiting should allow first request","invocations":1,"location":null,"numPassingAsserts":1,"retryReasons":[],"status":"passed","title":"should allow first request"},{"ancestorTitles":["Webhook Security (VULN-004)","Rate Limiting"],"duration":9,"failureDetails":[],"failureMessages":[],"fullName":"Webhook Security (VULN-004) Rate Limiting should allow requests under limit","invocations":1,"location":null,"numPassingAsserts":50,"retryReasons":[],"status":"passed","title":"should allow requests under limit"},{"ancestorTitles":["Webhook Security (VULN-004)","Rate Limiting"],"duration":0,"failureDetails":[],"failureMessages":[],"fullName":"Webhook Security (VULN-004) Rate Limiting should block requests over limit","invocations":1,"location":null,"numPassingAsserts":1,"retryReasons":[],"status":"passed","title":"should block requests over limit"},{"ancestorTitles":["Webhook Security (VULN-004)","Rate Limiting"],"duration":1,"failureDetails":[],"failureMessages":[],"fullName":"Webhook Security (VULN-004) Rate Limiting should reset after time window","invocations":1,"location":null,"numPassingAsserts":2,"retryReasons":[],"status":"passed","title":"should reset after time window"},{"ancestorTitles":["Webhook Security (VULN-004)","Rate Limiting"],"duration":0,"failureDetails":[],"failureMessages":[],"fullName":"Webhook Security (VULN-004) Rate Limiting should track different IPs separately","invocations":1,"location":null,"numPassingAsserts":2,"retryReasons":[],"status":"passed","title":"should track different IPs separately"},{"ancestorTitles":["Webhook Security (VULN-004)","Rate Limiting"],"duration":0,"failureDetails":[],"failureMessages":[],"fullName":"Webhook Security (VULN-004) Rate Limiting should enforce exactly 100 requests per minute","invocations":1,"location":null,"numPassingAsserts":1,"retryReasons":[],"status":"passed","title":"should enforce exactly 100 requests per minute"},{"ancestorTitles":["Webhook Security (VULN-004)","Replay Attack Protection"],"duration":1,"failureDetails":[],"failureMessages":[],"fullName":"Webhook Security (VULN-004) Replay Attack Protection should allow first webhook","invocations":1,"location":null,"numPassingAsserts":1,"retryReasons":[],"status":"passed","title":"should allow first webhook"},{"ancestorTitles":["Webhook Security (VULN-004)","Replay Attack Protection"],"duration":0,"failureDetails":[],"failureMessages":[],"fullName":"Webhook Security (VULN-004) Replay Attack Protection should detect duplicate webhook","invocations":1,"location":null,"numPassingAsserts":2,"retryReasons":[],"status":"passed","title":"should detect duplicate webhook"},{"ancestorTitles":["Webhook Security (VULN-004)","Replay Attack Protection"],"duration":1,"failureDetails":[],"failureMessages":[],"fullName":"Webhook Security (VULN-004) Replay Attack Protection should detect replayed webhook with older timestamp","invocations":1,"location":null,"numPassingAsserts":1,"retryReasons":[],"status":"passed","title":"should detect replayed webhook with older timestamp"},{"ancestorTitles":["Webhook Security (VULN-004)","Replay Attack Protection"],"duration":0,"failureDetails":[],"failureMessages":[],"fullName":"Webhook Security (VULN-004) Replay Attack Protection should allow webhook with newer timestamp","invocations":1,"location":null,"numPassingAsserts":1,"retryReasons":[],"status":"passed","title":"should allow webhook with newer timestamp"},{"ancestorTitles":["Webhook Security (VULN-004)","Replay Attack Protection"],"duration":1,"failureDetails":[],"failureMessages":[],"fullName":"Webhook Security (VULN-004) Replay Attack Protection should track different references independently","invocations":1,"location":null,"numPassingAsserts":2,"retryReasons":[],"status":"passed","title":"should track different references independently"},{"ancestorTitles":["Webhook Security (VULN-004)","Replay Attack Protection"],"duration":1,"failureDetails":[],"failureMessages":[],"fullName":"Webhook Security (VULN-004) Replay Attack Protection should clean up old entries after 1 hour","invocations":1,"location":null,"numPassingAsserts":2,"retryReasons":[],"status":"passed","title":"should clean up old entries after 1 hour"},{"ancestorTitles":["Webhook Security (VULN-004)","Replay Attack Protection"],"duration":2,"failureDetails":[],"failureMessages":[],"fullName":"Webhook Security (VULN-004) Replay Attack Protection should handle concurrent webhooks correctly","invocations":1,"location":null,"numPassingAsserts":20,"retryReasons":[],"status":"passed","title":"should handle concurrent webhooks correctly"},{"ancestorTitles":["Webhook Security (VULN-004)","Combined Rate Limiting and Replay Protection"],"duration":1,"failureDetails":[],"failureMessages":[],"fullName":"Webhook Security (VULN-004) Combined Rate Limiting and Replay Protection should enforce both rate limit and replay protection","invocations":1,"location":null,"numPassingAsserts":4,"retryReasons":[],"status":"passed","title":"should enforce both rate limit and replay protection"},{"ancestorTitles":["Webhook Security (VULN-004)","Combined Rate Limiting and Replay Protection"],"duration":1,"failureDetails":[],"failureMessages":[],"fullName":"Webhook Security (VULN-004) Combined Rate Limiting and Replay Protection should block rate limited client even with valid webhooks","invocations":1,"location":null,"numPassingAsserts":2,"retryReasons":[],"status":"passed","title":"should block rate limited client even with valid webhooks"},{"ancestorTitles":["Webhook Security (VULN-004)","IP Extraction and Fingerprinting"],"duration":0,"failureDetails":[],"failureMessages":[],"fullName":"Webhook Security (VULN-004) IP Extraction and Fingerprinting should extract IP from x-forwarded-for header","invocations":1,"location":null,"numPassingAsserts":1,"retryReasons":[],"status":"passed","title":"should extract IP from x-forwarded-for header"},{"ancestorTitles":["Webhook Security (VULN-004)","IP Extraction and Fingerprinting"],"duration":0,"failureDetails":[],"failureMessages":[],"fullName":"Webhook Security (VULN-004) IP Extraction and Fingerprinting should extract IP from x-real-ip header","invocations":1,"location":null,"numPassingAsserts":1,"retryReasons":[],"status":"passed","title":"should extract IP from x-real-ip header"},{"ancestorTitles":["Webhook Security (VULN-004)","IP Extraction and Fingerprinting"],"duration":0,"failureDetails":[],"failureMessages":[],"fullName":"Webhook Security (VULN-004) IP Extraction and Fingerprinting should handle missing headers gracefully","invocations":1,"location":null,"numPassingAsserts":1,"retryReasons":[],"status":"passed","title":"should handle missing headers gracefully"},{"ancestorTitles":["Webhook Security (VULN-004)","IP Extraction and Fingerprinting"],"duration":1,"failureDetails":[],"failureMessages":[],"fullName":"Webhook Security (VULN-004) IP Extraction and Fingerprinting should handle IPv6 addresses","invocations":1,"location":null,"numPassingAsserts":1,"retryReasons":[],"status":"passed","title":"should handle IPv6 addresses"},{"ancestorTitles":["Webhook Security (VULN-004)","Logging and Forensics"],"duration":0,"failureDetails":[],"failureMessages":[],"fullName":"Webhook Security (VULN-004) Logging and Forensics should log webhook receipt with client IP","invocations":1,"location":null,"numPassingAsserts":2,"retryReasons":[],"status":"passed","title":"should log webhook receipt with client IP"},{"ancestorTitles":["Webhook Security (VULN-004)","Logging and Forensics"],"duration":0,"failureDetails":[],"failureMessages":[],"fullName":"Webhook Security (VULN-004) Logging and Forensics should log rate limit exceedances","invocations":1,"location":null,"numPassingAsserts":2,"retryReasons":[],"status":"passed","title":"should log rate limit exceedances"},{"ancestorTitles":["Webhook Security (VULN-004)","Logging and Forensics"],"duration":1,"failureDetails":[],"failureMessages":[],"fullName":"Webhook Security (VULN-004) Logging and Forensics should log replay attack detections","invocations":1,"location":null,"numPassingAsserts":2,"retryReasons":[],"status":"passed","title":"should log replay attack detections"},{"ancestorTitles":["Webhook Security (VULN-004)","Security Headers"],"duration":0,"failureDetails":[],"failureMessages":[],"fullName":"Webhook Security (VULN-004) Security Headers should return rate limit headers","invocations":1,"location":null,"numPassingAsserts":3,"retryReasons":[],"status":"passed","title":"should return rate limit headers"}],"endTime":1768551259764,"message":"","name":"C:\\Users\\PRO\\Documents\\GitHub\\fleetbackend\\tests\\unit\\webhook-security.test.ts","startTime":1768551259562,"status":"passed","summary":""}],"wasInterrupted":false}
